Завядшие цветы вечером:
Свежих цветов: 40, нуждаются в поливе : 0.
=============================================================
У лужайки начинается новый день 1!
Увядают цветы c номерами: 1, 2, 3, 4, 5, 9, 12, 13, 14, 16, 
Свежих цветов: 30, нуждаются в поливе : 10.
Кто-то полил цветок с номером: 1
Кто-то полил цветок с номером: 2
Кто-то полил цветок с номером: 3
Кто-то полил цветок с номером: 4
Завядшие цветы вечером:5, 9, 12, 13, 14, 16, 
Свежих цветов: 34, нуждаются в поливе : 6.
=============================================================
У лужайки начинается новый день 2!
Увядают цветы c номерами: 1, 3, 5, 6, 8, 9, 11, 12, 13, 14, 16, 18, 20, 22, 25, 26, 
Свежих цветов: 24, нуждаются в поливе : 16.
Кто-то полил цветок с номером: 1
Кто-то полил цветок с номером: 3
Кто-то полил цветок с номером: 5
Кто-то полил цветок с номером: 6
Кто-то полил цветок с номером: 8
Кто-то полил цветок с номером: 9
Кто-то полил цветок с номером: 11
Кто-то полил цветок с номером: 12
Кто-то полил цветок с номером: 13
Завядшие цветы вечером:14, 16, 18, 20, 22, 25, 26, 
Свежих цветов: 33, нуждаются в поливе : 7.
=============================================================
У лужайки начинается новый день 3!
Увядают цветы c номерами: 0, 2, 3, 6, 8, 9, 10, 11, 13, 14, 16, 17, 18, 20, 22, 25, 26, 
Свежих цветов: 23, нуждаются в поливе : 17.
Кто-то полил цветок с номером: 0
Кто-то полил цветок с номером: 2
Кто-то полил цветок с номером: 3
Кто-то полил цветок с номером: 6
Кто-то полил цветок с номером: 8
Кто-то полил цветок с номером: 9
Кто-то полил цветок с номером: 10
Кто-то полил цветок с номером: 11
Кто-то полил цветок с номером: 13
Завядшие цветы вечером:14, 16, 17, 18, 20, 22, 25, 26, 
Свежих цветов: 32, нуждаются в поливе : 8.
=============================================================
У лужайки начинается новый день 4!
Увядают цветы c номерами: 3, 5, 6, 7, 10, 11, 12, 14, 15, 16, 17, 18, 20, 21, 22, 25, 26, 28, 
Свежих цветов: 22, нуждаются в поливе : 18.
Кто-то полил цветок с номером: 3
Кто-то полил цветок с номером: 5
Кто-то полил цветок с номером: 6
Кто-то полил цветок с номером: 7
Кто-то полил цветок с номером: 10
Кто-то полил цветок с номером: 11
Кто-то полил цветок с номером: 12
Кто-то полил цветок с номером: 14
Кто-то полил цветок с номером: 15
Кто-то полил цветок с номером: 16
Кто-то полил цветок с номером: 17
Кто-то полил цветок с номером: 18
Кто-то полил цветок с номером: 20
Кто-то полил цветок с номером: 21
Завядшие цветы вечером:22, 25, 26, 28, 
Свежих цветов: 36, нуждаются в поливе : 4.
=============================================================
У лужайки начинается новый день 5!
Увядают цветы c номерами: 1, 2, 3, 4, 5, 7, 8, 10, 12, 13, 22, 25, 26, 28, 
Свежих цветов: 26, нуждаются в поливе : 14.
Кто-то полил цветок с номером: 1
Кто-то полил цветок с номером: 2
Кто-то полил цветок с номером: 3
Кто-то полил цветок с номером: 4
Кто-то полил цветок с номером: 5
Завядшие цветы вечером:7, 8, 10, 12, 13, 22, 25, 26, 28, 
Свежих цветов: 31, нуждаются в поливе : 9.
=============================================================
У лужайки начинается новый день 6!
Увядают цветы c номерами: 0, 2, 4, 5, 7, 8, 9, 10, 11, 12, 13, 14, 15, 19, 20, 22, 25, 26, 28, 
Свежих цветов: 21, нуждаются в поливе : 19.
Кто-то полил цветок с номером: 0
Кто-то полил цветок с номером: 1
Кто-то полил цветок с номером: 2
Кто-то полил цветок с номером: 3
Кто-то полил цветок с номером: 4
Кто-то полил цветок с номером: 5
Кто-то полил цветок с номером: 2
Кто-то полил цветок с номером: 4
Кто-то полил цветок с номером: 7
Кто-то полил цветок с номером: 8
Кто-то полил цветок с номером: 9
Кто-то полил цветок с номером: 10
Кто-то полил цветок с номером: 11
Завядшие цветы вечером:12, 13, 14, 15, 19, 20, 22, 25, 26, 28, 
Свежих цветов: 30, нуждаются в поливе : 10.
=============================================================
У лужайки начинается новый день 7!
Увядают цветы c номерами: 1, 4, 6, 8, 9, 11, 12, 13, 14, 15, 18, 19, 20, 21, 22, 23, 24, 25, 26, 28, 
Свежих цветов: 20, нуждаются в поливе : 20.
Кто-то полил цветок с номером: 1
Кто-то полил цветок с номером: 4
Кто-то полил цветок с номером: 6
Кто-то полил цветок с номером: 8
Завядшие цветы вечером:9, 11, 12, 13, 14, 15, 18, 19, 20, 21, 22, 23, 24, 25, 26, 28, 
Свежих цветов: 24, нуждаются в поливе : 16.
=============================================================
У лужайки начинается новый день 8!
Увядают цветы c номерами: 1, 2, 3, 4, 8, 9, 10, 11, 12, 13, 14, 15, 16, 18, 19, 20, 21, 22, 23, 24, 25, 26, 27, 28, 29, 36, 
Свежих цветов: 14, нуждаются в поливе : 26.
Кто-то полил цветок с номером: 1
Кто-то полил цветок с номером: 2
Кто-то полил цветок с номером: 3
Кто-то полил цветок с номером: 4
Кто-то полил цветок с номером: 8
Кто-то полил цветок с номером: 9
Кто-то полил цветок с номером: 10
Кто-то полил цветок с номером: 11
Кто-то полил цветок с номером: 12
Кто-то полил цветок с номером: 13
Кто-то полил цветок с номером: 14
Кто-то полил цветок с номером: 15
Кто-то полил цветок с номером: 16
Кто-то полил цветок с номером: 18
Завядшие цветы вечером:19, 20, 21, 22, 23, 24, 25, 26, 27, 28, 29, 36, 
Свежих цветов: 28, нуждаются в поливе : 12.
=============================================================
У лужайки начинается новый день 9!
Увядают цветы c номерами: 10, 11, 12, 13, 14, 19, 20, 21, 22, 23, 24, 25, 26, 27, 28, 29, 31, 32, 33, 34, 36, 39, 
Свежих цветов: 18, нуждаются в поливе : 22.
Кто-то полил цветок с номером: 10
Кто-то полил цветок с номером: 11
Кто-то полил цветок с номером: 12
Кто-то полил цветок с номером: 13
Завядшие цветы вечером:14, 19, 20, 21, 22, 23, 24, 25, 26, 27, 28, 29, 31, 32, 33, 34, 36, 39, 
Свежих цветов: 22, нуждаются в поливе : 18.
=============================================================
У лужайки начинается новый день 10!
Увядают цветы c номерами: 0, 4, 5, 6, 10, 13, 14, 19, 20, 21, 22, 23, 24, 25, 26, 27, 28, 29, 30, 31, 32, 33, 34, 35, 36, 39, 
Свежих цветов: 14, нуждаются в поливе : 26.
Кто-то полил цветок с номером: 0
Кто-то полил цветок с номером: 4
Кто-то полил цветок с номером: 5
Кто-то полил цветок с номером: 6
Кто-то полил цветок с номером: 10
Кто-то полил цветок с номером: 13
Кто-то полил цветок с номером: 14
Кто-то полил цветок с номером: 19
Кто-то полил цветок с номером: 20
Кто-то полил цветок с номером: 21
Кто-то полил цветок с номером: 22
Кто-то полил цветок с номером: 23
Кто-то полил цветок с номером: 24
Кто-то полил цветок с номером: 25
Завядшие цветы вечером:26, 27, 28, 29, 30, 31, 32, 33, 34, 35, 36, 39, 
Свежих цветов: 28, нуждаются в поливе : 12.
=============================================================
У лужайки начинается новый день 11!
Увядают цветы c номерами: 0, 2, 3, 7, 8, 9, 13, 15, 19, 20, 26, 27, 28, 29, 30, 31, 32, 33, 34, 35, 36, 39, 
Свежих цветов: 18, нуждаются в поливе : 22.
Кто-то полил цветок с номером: 0
Кто-то полил цветок с номером: 2
Кто-то полил цветок с номером: 3
Кто-то полил цветок с номером: 7
Кто-то полил цветок с номером: 8
Кто-то полил цветок с номером: 9
Кто-то полил цветок с номером: 13
Кто-то полил цветок с номером: 15
Кто-то полил цветок с номером: 19
Завядшие цветы вечером:20, 26, 27, 28, 29, 30, 31, 32, 33, 34, 35, 36, 39, 
Свежих цветов: 27, нуждаются в поливе : 13.
=============================================================
У лужайки начинается новый день 12!
Увядают цветы c номерами: 0, 1, 5, 7, 10, 11, 13, 15, 17, 18, 20, 26, 27, 28, 29, 30, 31, 32, 33, 34, 35, 36, 39, 
Свежих цветов: 17, нуждаются в поливе : 23.
Кто-то полил цветок с номером: 0
Кто-то полил цветок с номером: 1
Кто-то полил цветок с номером: 5
Кто-то полил цветок с номером: 7
Кто-то полил цветок с номером: 10
Кто-то полил цветок с номером: 11
Кто-то полил цветок с номером: 13
Кто-то полил цветок с номером: 15
Кто-то полил цветок с номером: 17
Завядшие цветы вечером:18, 20, 26, 27, 28, 29, 30, 31, 32, 33, 34, 35, 36, 39, 
Свежих цветов: 26, нуждаются в поливе : 14.
=============================================================
У лужайки начинается новый день 13!
Увядают цветы c номерами: 8, 9, 11, 15, 18, 19, 20, 26, 27, 28, 29, 30, 31, 32, 33, 34, 35, 36, 37, 39, 
Свежих цветов: 20, нуждаются в поливе : 20.
Кто-то полил цветок с номером: 8
Кто-то полил цветок с номером: 9
Кто-то полил цветок с номером: 11
Кто-то полил цветок с номером: 15
Завядшие цветы вечером:18, 19, 20, 26, 27, 28, 29, 30, 31, 32, 33, 34, 35, 36, 37, 39, 
Свежих цветов: 24, нуждаются в поливе : 16.
=============================================================
У лужайки начинается новый день 14!
Увядают цветы c номерами: 1, 2, 5, 6, 7, 9, 11, 14, 15, 18, 19, 20, 22, 26, 27, 28, 29, 30, 31, 32, 33, 34, 35, 36, 37, 39, 
Свежих цветов: 14, нуждаются в поливе : 26.
Кто-то полил цветок с номером: 1
Кто-то полил цветок с номером: 2
Кто-то полил цветок с номером: 5
Кто-то полил цветок с номером: 6
Кто-то полил цветок с номером: 7
Кто-то полил цветок с номером: 9
Кто-то полил цветок с номером: 11
Кто-то полил цветок с номером: 14
Кто-то полил цветок с номером: 15
Кто-то полил цветок с номером: 18
Кто-то полил цветок с номером: 19
Кто-то полил цветок с номером: 20
Кто-то полил цветок с номером: 22
Кто-то полил цветок с номером: 26
Завядшие цветы вечером:27, 28, 29, 30, 31, 32, 33, 34, 35, 36, 37, 39, 
Свежих цветов: 28, нуждаются в поливе : 12.
=============================================================
У лужайки начинается новый день 15!
Увядают цветы c номерами: 0, 1, 2, 3, 7, 8, 13, 14, 15, 16, 27, 28, 29, 30, 31, 32, 33, 34, 35, 36, 37, 39, 
Свежих цветов: 18, нуждаются в поливе : 22.
Кто-то полил цветок с номером: 0
Кто-то полил цветок с номером: 1
Кто-то полил цветок с номером: 2
Кто-то полил цветок с номером: 3
Кто-то полил цветок с номером: 7
Кто-то полил цветок с номером: 8
Кто-то полил цветок с номером: 13
Кто-то полил цветок с номером: 14
Кто-то полил цветок с номером: 15
Завядшие цветы вечером:16, 27, 28, 29, 30, 31, 32, 33, 34, 35, 36, 37, 39, 
Свежих цветов: 27, нуждаются в поливе : 13.
=============================================================
У лужайки начинается новый день 16!
Увядают цветы c номерами: 4, 6, 7, 9, 13, 15, 16, 17, 21, 22, 27, 28, 29, 30, 31, 32, 33, 34, 35, 36, 37, 38, 39, 
Свежих цветов: 17, нуждаются в поливе : 23.
Кто-то полил цветок с номером: 4
Кто-то полил цветок с номером: 6
Кто-то полил цветок с номером: 7
Кто-то полил цветок с номером: 9
Кто-то полил цветок с номером: 13
Кто-то полил цветок с номером: 15
Кто-то полил цветок с номером: 16
Кто-то полил цветок с номером: 17
Кто-то полил цветок с номером: 21
Завядшие цветы вечером:22, 27, 28, 29, 30, 31, 32, 33, 34, 35, 36, 37, 38, 39, 
Свежих цветов: 26, нуждаются в поливе : 14.
=============================================================
У лужайки начинается новый день 17!
Увядают цветы c номерами: 4, 5, 6, 8, 11, 14, 15, 17, 20, 21, 22, 27, 28, 29, 30, 31, 32, 33, 34, 35, 36, 37, 38, 39, 
Свежих цветов: 16, нуждаются в поливе : 24.
Кто-то полил цветок с номером: 4
Кто-то полил цветок с номером: 5
Кто-то полил цветок с номером: 6
Кто-то полил цветок с номером: 8
Кто-то полил цветок с номером: 11
Кто-то полил цветок с номером: 14
Кто-то полил цветок с номером: 15
Кто-то полил цветок с номером: 17
Кто-то полил цветок с номером: 20
Завядшие цветы вечером:21, 22, 27, 28, 29, 30, 31, 32, 33, 34, 35, 36, 37, 38, 39, 
Свежих цветов: 25, нуждаются в поливе : 15.
=============================================================
У лужайки начинается новый день 18!
Увядают цветы c номерами: 0, 2, 3, 4, 6, 11, 14, 19, 21, 22, 23, 24, 27, 28, 29, 30, 31, 32, 33, 34, 35, 36, 37, 38, 39, 
Свежих цветов: 15, нуждаются в поливе : 25.
Кто-то полил цветок с номером: 0
Кто-то полил цветок с номером: 2
Кто-то полил цветок с номером: 3
Кто-то полил цветок с номером: 4
Завядшие цветы вечером:6, 11, 14, 19, 21, 22, 23, 24, 27, 28, 29, 30, 31, 32, 33, 34, 35, 36, 37, 38, 39, 
Свежих цветов: 19, нуждаются в поливе : 21.
=============================================================
У лужайки начинается новый день 19!
Увядают цветы c номерами: 1, 5, 6, 9, 10, 11, 14, 16, 18, 19, 21, 22, 23, 24, 25, 27, 28, 29, 30, 31, 32, 33, 34, 35, 36, 37, 38, 39, 
Свежих цветов: 12, нуждаются в поливе : 28.
Кто-то полил цветок с номером: 1
Кто-то полил цветок с номером: 5
Кто-то полил цветок с номером: 6
Кто-то полил цветок с номером: 9
Кто-то полил цветок с номером: 10
Кто-то полил цветок с номером: 11
Кто-то полил цветок с номером: 14
Кто-то полил цветок с номером: 16
Кто-то полил цветок с номером: 18
Завядшие цветы вечером:19, 21, 22, 23, 24, 25, 27, 28, 29, 30, 31, 32, 33, 34, 35, 36, 37, 38, 39, 
Свежих цветов: 21, нуждаются в поливе : 19.
=============================================================
У лужайки начинается новый день 20!
Увядают цветы c номерами: 0, 3, 5, 7, 8, 10, 11, 12, 13, 15, 19, 21, 22, 23, 24, 25, 27, 28, 29, 30, 31, 32, 33, 34, 35, 36, 37, 38, 39, 
Свежих цветов: 11, нуждаются в поливе : 29.
Кто-то полил цветок с номером: 0
Кто-то полил цветок с номером: 3
Кто-то полил цветок с номером: 5
Кто-то полил цветок с номером: 7
Кто-то полил цветок с номером: 8
Кто-то полил цветок с номером: 10
Кто-то полил цветок с номером: 11
Кто-то полил цветок с номером: 12
Кто-то полил цветок с номером: 13
Кто-то полил цветок с номером: 15
Кто-то полил цветок с номером: 19
Кто-то полил цветок с номером: 21
Кто-то полил цветок с номером: 22
Кто-то полил цветок с номером: 23
Завядшие цветы вечером:24, 25, 27, 28, 29, 30, 31, 32, 33, 34, 35, 36, 37, 38, 39, 
Свежих цветов: 25, нуждаются в поливе : 15.
=============================================================
