Завядшие цветы вечером:
Свежих цветов: 40, нуждаются в поливе : 0.
=============================================================
У лужайки начинается новый день 1!
Увядают цветы c номерами: 0, 1, 7, 8, 10, 12, 13, 15, 16, 19, 
Свежих цветов: 30, нуждаются в поливе : 10.
Кто-то полил цветок с номером: 0
Кто-то полил цветок с номером: 1
Кто-то полил цветок с номером: 7
Кто-то полил цветок с номером: 8
Кто-то полил цветок с номером: 10
Кто-то полил цветок с номером: 0
Кто-то полил цветок с номером: 1
Кто-то полил цветок с номером: 7
Кто-то полил цветок с номером: 8
Завядшие цветы вечером:12, 13, 15, 16, 19, 
Свежих цветов: 35, нуждаются в поливе : 5.
=============================================================
У лужайки начинается новый день 2!
Увядают цветы c номерами: 0, 1, 2, 3, 4, 6, 7, 8, 9, 10, 12, 13, 15, 16, 19, 
Свежих цветов: 25, нуждаются в поливе : 15.
Кто-то полил цветок с номером: 0
Кто-то полил цветок с номером: 1
Кто-то полил цветок с номером: 2
Кто-то полил цветок с номером: 3
Кто-то полил цветок с номером: 4
Кто-то полил цветок с номером: 6
Кто-то полил цветок с номером: 7
Кто-то полил цветок с номером: 8
Кто-то полил цветок с номером: 9
Завядшие цветы вечером:10, 12, 13, 15, 16, 19, 
Свежих цветов: 34, нуждаются в поливе : 6.
=============================================================
У лужайки начинается новый день 3!
Увядают цветы c номерами: 0, 1, 5, 6, 8, 9, 10, 12, 13, 14, 15, 16, 17, 18, 19, 21, 
Свежих цветов: 24, нуждаются в поливе : 16.
Кто-то полил цветок с номером: 0
Кто-то полил цветок с номером: 1
Кто-то полил цветок с номером: 5
Кто-то полил цветок с номером: 6
Кто-то полил цветок с номером: 8
Завядшие цветы вечером:9, 10, 12, 13, 14, 15, 16, 17, 18, 19, 21, 
Свежих цветов: 29, нуждаются в поливе : 11.
=============================================================
У лужайки начинается новый день 4!
Увядают цветы c номерами: 0, 2, 3, 5, 6, 8, 9, 10, 12, 13, 14, 15, 16, 17, 18, 19, 21, 22, 25, 27, 29, 
Свежих цветов: 19, нуждаются в поливе : 21.
Кто-то полил цветок с номером: 0
Кто-то полил цветок с номером: 1
Кто-то полил цветок с номером: 5
Кто-то полил цветок с номером: 6
Кто-то полил цветок с номером: 2
Кто-то полил цветок с номером: 3
Кто-то полил цветок с номером: 8
Кто-то полил цветок с номером: 9
Кто-то полил цветок с номером: 10
Кто-то полил цветок с номером: 12
Кто-то полил цветок с номером: 13
Кто-то полил цветок с номером: 14
Кто-то полил цветок с номером: 15
Завядшие цветы вечером:16, 17, 18, 19, 21, 22, 25, 27, 29, 
Свежих цветов: 31, нуждаются в поливе : 9.
=============================================================
У лужайки начинается новый день 5!
Увядают цветы c номерами: 1, 4, 6, 7, 9, 10, 11, 12, 14, 16, 17, 18, 19, 20, 21, 22, 25, 27, 29, 
Свежих цветов: 21, нуждаются в поливе : 19.
Кто-то полил цветок с номером: 1
Кто-то полил цветок с номером: 4
Кто-то полил цветок с номером: 6
Кто-то полил цветок с номером: 7
Кто-то полил цветок с номером: 9
Кто-то полил цветок с номером: 1
Кто-то полил цветок с номером: 4
Кто-то полил цветок с номером: 6
Кто-то полил цветок с номером: 7
Завядшие цветы вечером:10, 11, 12, 14, 16, 17, 18, 19, 20, 21, 22, 25, 27, 29, 
Свежих цветов: 26, нуждаются в поливе : 14.
=============================================================
У лужайки начинается новый день 6!
Увядают цветы c номерами: 0, 2, 7, 9, 10, 11, 12, 13, 14, 16, 17, 18, 19, 20, 21, 22, 24, 25, 26, 27, 29, 32, 33, 34, 
Свежих цветов: 16, нуждаются в поливе : 24.
Кто-то полил цветок с номером: 0
Кто-то полил цветок с номером: 2
Кто-то полил цветок с номером: 7
Кто-то полил цветок с номером: 9
Кто-то полил цветок с номером: 10
Кто-то полил цветок с номером: 0
Кто-то полил цветок с номером: 2
Кто-то полил цветок с номером: 7
Кто-то полил цветок с номером: 9
Завядшие цветы вечером:11, 12, 13, 14, 16, 17, 18, 19, 20, 21, 22, 24, 25, 26, 27, 29, 32, 33, 34, 
Свежих цветов: 21, нуждаются в поливе : 19.
=============================================================
У лужайки начинается новый день 7!
Увядают цветы c номерами: 0, 1, 2, 3, 4, 7, 8, 9, 10, 11, 12, 13, 14, 16, 17, 18, 19, 20, 21, 22, 23, 24, 25, 26, 27, 29, 32, 33, 34, 
Свежих цветов: 11, нуждаются в поливе : 29.
Кто-то полил цветок с номером: 0
Кто-то полил цветок с номером: 1
Кто-то полил цветок с номером: 2
Кто-то полил цветок с номером: 3
Кто-то полил цветок с номером: 4
Кто-то полил цветок с номером: 0
Кто-то полил цветок с номером: 1
Кто-то полил цветок с номером: 2
Кто-то полил цветок с номером: 3
Кто-то полил цветок с номером: 7
Кто-то полил цветок с номером: 8
Кто-то полил цветок с номером: 9
Кто-то полил цветок с номером: 10
Кто-то полил цветок с номером: 11
Завядшие цветы вечером:12, 13, 14, 16, 17, 18, 19, 20, 21, 22, 23, 24, 25, 26, 27, 29, 32, 33, 34, 
Свежих цветов: 21, нуждаются в поливе : 19.
=============================================================
У лужайки начинается новый день 8!
Увядают цветы c номерами: 1, 5, 9, 11, 12, 13, 14, 15, 16, 17, 18, 19, 20, 21, 22, 23, 24, 25, 26, 27, 29, 31, 32, 33, 34, 37, 39, 
Свежих цветов: 13, нуждаются в поливе : 27.
Кто-то полил цветок с номером: 7
Кто-то полил цветок с номером: 8
Кто-то полил цветок с номером: 9
Кто-то полил цветок с номером: 10
Кто-то полил цветок с номером: 1
Кто-то полил цветок с номером: 5
Кто-то полил цветок с номером: 11
Кто-то полил цветок с номером: 12
Кто-то полил цветок с номером: 13
Завядшие цветы вечером:14, 15, 16, 17, 18, 19, 20, 21, 22, 23, 24, 25, 26, 27, 29, 31, 32, 33, 34, 37, 39, 
Свежих цветов: 19, нуждаются в поливе : 21.
=============================================================
У лужайки начинается новый день 9!
Увядают цветы c номерами: 3, 6, 7, 8, 9, 12, 13, 14, 15, 16, 17, 18, 19, 20, 21, 22, 23, 24, 25, 26, 27, 28, 29, 30, 31, 32, 33, 34, 37, 38, 39, 
Свежих цветов: 9, нуждаются в поливе : 31.
Кто-то полил цветок с номером: 1
Кто-то полил цветок с номером: 5
Кто-то полил цветок с номером: 11
Кто-то полил цветок с номером: 12
Кто-то полил цветок с номером: 3
Кто-то полил цветок с номером: 6
Кто-то полил цветок с номером: 7
Кто-то полил цветок с номером: 8
Кто-то полил цветок с номером: 9
Завядшие цветы вечером:13, 14, 15, 16, 17, 18, 19, 20, 21, 22, 23, 24, 25, 26, 27, 28, 29, 30, 31, 32, 33, 34, 37, 38, 39, 
Свежих цветов: 15, нуждаются в поливе : 25.
=============================================================
У лужайки начинается новый день 10!
Увядают цветы c номерами: 0, 1, 2, 3, 6, 9, 10, 13, 14, 15, 16, 17, 18, 19, 20, 21, 22, 23, 24, 25, 26, 27, 28, 29, 30, 31, 32, 33, 34, 35, 36, 37, 38, 39, 
Свежих цветов: 6, нуждаются в поливе : 34.
Кто-то полил цветок с номером: 0
Кто-то полил цветок с номером: 1
Кто-то полил цветок с номером: 2
Кто-то полил цветок с номером: 3
Завядшие цветы вечером:6, 9, 10, 13, 14, 15, 16, 17, 18, 19, 20, 21, 22, 23, 24, 25, 26, 27, 28, 29, 30, 31, 32, 33, 34, 35, 36, 37, 38, 39, 
Свежих цветов: 10, нуждаются в поливе : 30.
=============================================================
У лужайки начинается новый день 11!
Увядают цветы c номерами: 0, 3, 6, 9, 10, 11, 13, 14, 15, 16, 17, 18, 19, 20, 21, 22, 23, 24, 25, 26, 27, 28, 29, 30, 31, 32, 33, 34, 35, 36, 37, 38, 39, 
Свежих цветов: 7, нуждаются в поливе : 33.
Кто-то полил цветок с номером: 0
Кто-то полил цветок с номером: 3
Кто-то полил цветок с номером: 6
Кто-то полил цветок с номером: 9
Кто-то полил цветок с номером: 10
Кто-то полил цветок с номером: 11
Кто-то полил цветок с номером: 13
Кто-то полил цветок с номером: 14
Кто-то полил цветок с номером: 15
Завядшие цветы вечером:16, 17, 18, 19, 20, 21, 22, 23, 24, 25, 26, 27, 28, 29, 30, 31, 32, 33, 34, 35, 36, 37, 38, 39, 
Свежих цветов: 16, нуждаются в поливе : 24.
=============================================================
У лужайки начинается новый день 12!
Увядают цветы c номерами: 1, 7, 13, 14, 16, 17, 18, 19, 20, 21, 22, 23, 24, 25, 26, 27, 28, 29, 30, 31, 32, 33, 34, 35, 36, 37, 38, 39, 
Свежих цветов: 12, нуждаются в поливе : 28.
Кто-то полил цветок с номером: 1
Кто-то полил цветок с номером: 7
Кто-то полил цветок с номером: 13
Кто-то полил цветок с номером: 14
Кто-то полил цветок с номером: 16
Кто-то полил цветок с номером: 17
Кто-то полил цветок с номером: 18
Кто-то полил цветок с номером: 19
Кто-то полил цветок с номером: 20
Кто-то полил цветок с номером: 21
Кто-то полил цветок с номером: 22
Кто-то полил цветок с номером: 23
Кто-то полил цветок с номером: 24
Кто-то полил цветок с номером: 25
Завядшие цветы вечером:26, 27, 28, 29, 30, 31, 32, 33, 34, 35, 36, 37, 38, 39, 
Свежих цветов: 26, нуждаются в поливе : 14.
=============================================================
У лужайки начинается новый день 13!
Увядают цветы c номерами: 6, 7, 9, 11, 13, 15, 16, 19, 20, 21, 26, 27, 28, 29, 30, 31, 32, 33, 34, 35, 36, 37, 38, 39, 
Свежих цветов: 16, нуждаются в поливе : 24.
Кто-то полил цветок с номером: 6
Кто-то полил цветок с номером: 7
Кто-то полил цветок с номером: 9
Кто-то полил цветок с номером: 11
Завядшие цветы вечером:13, 15, 16, 19, 20, 21, 26, 27, 28, 29, 30, 31, 32, 33, 34, 35, 36, 37, 38, 39, 
Свежих цветов: 20, нуждаются в поливе : 20.
=============================================================
У лужайки начинается новый день 14!
Увядают цветы c номерами: 0, 1, 5, 6, 8, 10, 12, 13, 15, 16, 17, 18, 19, 20, 21, 24, 26, 27, 28, 29, 30, 31, 32, 33, 34, 35, 36, 37, 38, 39, 
Свежих цветов: 10, нуждаются в поливе : 30.
Кто-то полил цветок с номером: 0
Кто-то полил цветок с номером: 1
Кто-то полил цветок с номером: 5
Кто-то полил цветок с номером: 6
Кто-то полил цветок с номером: 8
Кто-то полил цветок с номером: 10
Кто-то полил цветок с номером: 12
Кто-то полил цветок с номером: 13
Кто-то полил цветок с номером: 15
Завядшие цветы вечером:16, 17, 18, 19, 20, 21, 24, 26, 27, 28, 29, 30, 31, 32, 33, 34, 35, 36, 37, 38, 39, 
Свежих цветов: 19, нуждаются в поливе : 21.
=============================================================
У лужайки начинается новый день 15!
Увядают цветы c номерами: 0, 1, 3, 5, 7, 11, 15, 16, 17, 18, 19, 20, 21, 22, 23, 24, 25, 26, 27, 28, 29, 30, 31, 32, 33, 34, 35, 36, 37, 38, 39, 
Свежих цветов: 9, нуждаются в поливе : 31.
Кто-то полил цветок с номером: 0
Кто-то полил цветок с номером: 1
Кто-то полил цветок с номером: 3
Кто-то полил цветок с номером: 5
Кто-то полил цветок с номером: 7
Кто-то полил цветок с номером: 11
Кто-то полил цветок с номером: 15
Кто-то полил цветок с номером: 16
Кто-то полил цветок с номером: 17
Кто-то полил цветок с номером: 18
Кто-то полил цветок с номером: 19
Кто-то полил цветок с номером: 20
Кто-то полил цветок с номером: 21
Кто-то полил цветок с номером: 22
Завядшие цветы вечером:23, 24, 25, 26, 27, 28, 29, 30, 31, 32, 33, 34, 35, 36, 37, 38, 39, 
Свежих цветов: 23, нуждаются в поливе : 17.
=============================================================
У лужайки начинается новый день 16!
Увядают цветы c номерами: 1, 6, 8, 10, 11, 13, 14, 15, 16, 17, 23, 24, 25, 26, 27, 28, 29, 30, 31, 32, 33, 34, 35, 36, 37, 38, 39, 
Свежих цветов: 13, нуждаются в поливе : 27.
Кто-то полил цветок с номером: 1
Кто-то полил цветок с номером: 6
Кто-то полил цветок с номером: 8
Кто-то полил цветок с номером: 10
Завядшие цветы вечером:11, 13, 14, 15, 16, 17, 23, 24, 25, 26, 27, 28, 29, 30, 31, 32, 33, 34, 35, 36, 37, 38, 39, 
Свежих цветов: 17, нуждаются в поливе : 23.
=============================================================
У лужайки начинается новый день 17!
Увядают цветы c номерами: 1, 3, 7, 10, 11, 13, 14, 15, 16, 17, 18, 22, 23, 24, 25, 26, 27, 28, 29, 30, 31, 32, 33, 34, 35, 36, 37, 38, 39, 
Свежих цветов: 11, нуждаются в поливе : 29.
Кто-то полил цветок с номером: 1
Кто-то полил цветок с номером: 3
Кто-то полил цветок с номером: 7
Кто-то полил цветок с номером: 10
Кто-то полил цветок с номером: 11
Завядшие цветы вечером:13, 14, 15, 16, 17, 18, 22, 23, 24, 25, 26, 27, 28, 29, 30, 31, 32, 33, 34, 35, 36, 37, 38, 39, 
Свежих цветов: 16, нуждаются в поливе : 24.
=============================================================
У лужайки начинается новый день 18!
Увядают цветы c номерами: 0, 2, 9, 12, 13, 14, 15, 16, 17, 18, 20, 21, 22, 23, 24, 25, 26, 27, 28, 29, 30, 31, 32, 33, 34, 35, 36, 37, 38, 39, 
Свежих цветов: 10, нуждаются в поливе : 30.
Кто-то полил цветок с номером: 0
Кто-то полил цветок с номером: 2
Кто-то полил цветок с номером: 9
Кто-то полил цветок с номером: 12
Кто-то полил цветок с номером: 13
Кто-то полил цветок с номером: 14
Кто-то полил цветок с номером: 15
Кто-то полил цветок с номером: 16
Кто-то полил цветок с номером: 17
Завядшие цветы вечером:18, 20, 21, 22, 23, 24, 25, 26, 27, 28, 29, 30, 31, 32, 33, 34, 35, 36, 37, 38, 39, 
Свежих цветов: 19, нуждаются в поливе : 21.
=============================================================
У лужайки начинается новый день 19!
Увядают цветы c номерами: 1, 2, 3, 5, 7, 9, 10, 11, 13, 18, 19, 20, 21, 22, 23, 24, 25, 26, 27, 28, 29, 30, 31, 32, 33, 34, 35, 36, 37, 38, 39, 
Свежих цветов: 9, нуждаются в поливе : 31.
Кто-то полил цветок с номером: 1
Кто-то полил цветок с номером: 2
Кто-то полил цветок с номером: 3
Кто-то полил цветок с номером: 5
Кто-то полил цветок с номером: 7
Кто-то полил цветок с номером: 9
Кто-то полил цветок с номером: 10
Кто-то полил цветок с номером: 11
Кто-то полил цветок с номером: 13
Кто-то полил цветок с номером: 18
Кто-то полил цветок с номером: 19
Кто-то полил цветок с номером: 20
Кто-то полил цветок с номером: 21
Кто-то полил цветок с номером: 22
Завядшие цветы вечером:23, 24, 25, 26, 27, 28, 29, 30, 31, 32, 33, 34, 35, 36, 37, 38, 39, 
Свежих цветов: 23, нуждаются в поливе : 17.
=============================================================
У лужайки начинается новый день 20!
Увядают цветы c номерами: 0, 2, 4, 5, 8, 9, 11, 14, 15, 16, 23, 24, 25, 26, 27, 28, 29, 30, 31, 32, 33, 34, 35, 36, 37, 38, 39, 
Свежих цветов: 13, нуждаются в поливе : 27.
Кто-то полил цветок с номером: 18
Кто-то полил цветок с номером: 19
Кто-то полил цветок с номером: 20
Кто-то полил цветок с номером: 21
Завядшие цветы вечером:0, 2, 4, 5, 8, 9, 11, 14, 15, 16, 23, 24, 25, 26, 27, 28, 29, 30, 31, 32, 33, 34, 35, 36, 37, 38, 39, 
Свежих цветов: 13, нуждаются в поливе : 27.
=============================================================
У лужайки начинается новый день 21!
Увядают цветы c номерами: 0, 2, 4, 5, 6, 7, 8, 9, 10, 11, 13, 14, 15, 16, 21, 23, 24, 25, 26, 27, 28, 29, 30, 31, 32, 33, 34, 35, 36, 37, 38, 39, 
Свежих цветов: 8, нуждаются в поливе : 32.
Кто-то полил цветок с номером: 0
Кто-то полил цветок с номером: 2
Кто-то полил цветок с номером: 4
Кто-то полил цветок с номером: 5
Кто-то полил цветок с номером: 6
Кто-то полил цветок с номером: 0
Кто-то полил цветок с номером: 2
Кто-то полил цветок с номером: 4
Кто-то полил цветок с номером: 5
Кто-то полил цветок с номером: 7
Кто-то полил цветок с номером: 8
Кто-то полил цветок с номером: 9
Кто-то полил цветок с номером: 10
Кто-то полил цветок с номером: 11
Завядшие цветы вечером:13, 14, 15, 16, 21, 23, 24, 25, 26, 27, 28, 29, 30, 31, 32, 33, 34, 35, 36, 37, 38, 39, 
Свежих цветов: 18, нуждаются в поливе : 22.
=============================================================
У лужайки начинается новый день 22!
Увядают цветы c номерами: 1, 2, 5, 7, 11, 12, 13, 14, 15, 16, 17, 19, 20, 21, 23, 24, 25, 26, 27, 28, 29, 30, 31, 32, 33, 34, 35, 36, 37, 38, 39, 
Свежих цветов: 9, нуждаются в поливе : 31.
Кто-то полил цветок с номером: 7
Кто-то полил цветок с номером: 8
Кто-то полил цветок с номером: 9
Кто-то полил цветок с номером: 10
Завядшие цветы вечером:1, 2, 5, 11, 12, 13, 14, 15, 16, 17, 19, 20, 21, 23, 24, 25, 26, 27, 28, 29, 30, 31, 32, 33, 34, 35, 36, 37, 38, 39, 
Свежих цветов: 10, нуждаются в поливе : 30.
=============================================================
У лужайки начинается новый день 23!
Увядают цветы c номерами: 1, 2, 3, 5, 7, 8, 9, 11, 12, 13, 14, 15, 16, 17, 19, 20, 21, 23, 24, 25, 26, 27, 28, 29, 30, 31, 32, 33, 34, 35, 36, 37, 38, 39, 
Свежих цветов: 6, нуждаются в поливе : 34.
Кто-то полил цветок с номером: 1
Кто-то полил цветок с номером: 2
Кто-то полил цветок с номером: 3
Кто-то полил цветок с номером: 5
Кто-то полил цветок с номером: 7
Кто-то полил цветок с номером: 8
Кто-то полил цветок с номером: 9
Кто-то полил цветок с номером: 11
Кто-то полил цветок с номером: 12
Завядшие цветы вечером:13, 14, 15, 16, 17, 19, 20, 21, 23, 24, 25, 26, 27, 28, 29, 30, 31, 32, 33, 34, 35, 36, 37, 38, 39, 
Свежих цветов: 15, нуждаются в поливе : 25.
=============================================================
У лужайки начинается новый день 24!
Увядают цветы c номерами: 0, 2, 3, 5, 8, 12, 13, 14, 15, 16, 17, 18, 19, 20, 21, 23, 24, 25, 26, 27, 28, 29, 30, 31, 32, 33, 34, 35, 36, 37, 38, 39, 
Свежих цветов: 8, нуждаются в поливе : 32.
Кто-то полил цветок с номером: 0
Кто-то полил цветок с номером: 2
Кто-то полил цветок с номером: 3
Кто-то полил цветок с номером: 5
Кто-то полил цветок с номером: 8
Кто-то полил цветок с номером: 0
Кто-то полил цветок с номером: 2
Кто-то полил цветок с номером: 3
Кто-то полил цветок с номером: 5
Завядшие цветы вечером:12, 13, 14, 15, 16, 17, 18, 19, 20, 21, 23, 24, 25, 26, 27, 28, 29, 30, 31, 32, 33, 34, 35, 36, 37, 38, 39, 
Свежих цветов: 13, нуждаются в поливе : 27.
=============================================================
У лужайки начинается новый день 25!
Увядают цветы c номерами: 0, 2, 6, 9, 12, 13, 14, 15, 16, 17, 18, 19, 20, 21, 22, 23, 24, 25, 26, 27, 28, 29, 30, 31, 32, 33, 34, 35, 36, 37, 38, 39, 
Свежих цветов: 8, нуждаются в поливе : 32.
Кто-то полил цветок с номером: 0
Кто-то полил цветок с номером: 2
Кто-то полил цветок с номером: 6
Кто-то полил цветок с номером: 9
Кто-то полил цветок с номером: 12
Кто-то полил цветок с номером: 0
Кто-то полил цветок с номером: 2
Кто-то полил цветок с номером: 6
Кто-то полил цветок с номером: 9
Кто-то полил цветок с номером: 13
Кто-то полил цветок с номером: 14
Кто-то полил цветок с номером: 15
Кто-то полил цветок с номером: 16
Кто-то полил цветок с номером: 17
Завядшие цветы вечером:18, 19, 20, 21, 22, 23, 24, 25, 26, 27, 28, 29, 30, 31, 32, 33, 34, 35, 36, 37, 38, 39, 
Свежих цветов: 18, нуждаются в поливе : 22.
=============================================================
У лужайки начинается новый день 26!
Увядают цветы c номерами: 4, 5, 7, 8, 12, 13, 14, 15, 17, 18, 19, 20, 21, 22, 23, 24, 25, 26, 27, 28, 29, 30, 31, 32, 33, 34, 35, 36, 37, 38, 39, 
Свежих цветов: 9, нуждаются в поливе : 31.
Кто-то полил цветок с номером: 13
Кто-то полил цветок с номером: 14
Кто-то полил цветок с номером: 15
Кто-то полил цветок с номером: 16
Завядшие цветы вечером:4, 5, 7, 8, 12, 17, 18, 19, 20, 21, 22, 23, 24, 25, 26, 27, 28, 29, 30, 31, 32, 33, 34, 35, 36, 37, 38, 39, 
Свежих цветов: 12, нуждаются в поливе : 28.
=============================================================
У лужайки начинается новый день 27!
Увядают цветы c номерами: 1, 2, 3, 4, 5, 7, 8, 9, 10, 12, 14, 15, 16, 17, 18, 19, 20, 21, 22, 23, 24, 25, 26, 27, 28, 29, 30, 31, 32, 33, 34, 35, 36, 37, 38, 39, 
Свежих цветов: 4, нуждаются в поливе : 36.
Кто-то полил цветок с номером: 1
Кто-то полил цветок с номером: 2
Кто-то полил цветок с номером: 3
Кто-то полил цветок с номером: 4
Кто-то полил цветок с номером: 5
Кто-то полил цветок с номером: 7
Кто-то полил цветок с номером: 8
Кто-то полил цветок с номером: 9
Кто-то полил цветок с номером: 10
Завядшие цветы вечером:12, 14, 15, 16, 17, 18, 19, 20, 21, 22, 23, 24, 25, 26, 27, 28, 29, 30, 31, 32, 33, 34, 35, 36, 37, 38, 39, 
Свежих цветов: 13, нуждаются в поливе : 27.
=============================================================
У лужайки начинается новый день 28!
Увядают цветы c номерами: 0, 3, 5, 6, 7, 8, 9, 12, 14, 15, 16, 17, 18, 19, 20, 21, 22, 23, 24, 25, 26, 27, 28, 29, 30, 31, 32, 33, 34, 35, 36, 37, 38, 39, 
Свежих цветов: 6, нуждаются в поливе : 34.
Кто-то полил цветок с номером: 0
Кто-то полил цветок с номером: 3
Кто-то полил цветок с номером: 5
Кто-то полил цветок с номером: 6
Кто-то полил цветок с номером: 7
Кто-то полил цветок с номером: 8
Кто-то полил цветок с номером: 9
Кто-то полил цветок с номером: 12
Кто-то полил цветок с номером: 14
Завядшие цветы вечером:15, 16, 17, 18, 19, 20, 21, 22, 23, 24, 25, 26, 27, 28, 29, 30, 31, 32, 33, 34, 35, 36, 37, 38, 39, 
Свежих цветов: 15, нуждаются в поливе : 25.
=============================================================
У лужайки начинается новый день 29!
Увядают цветы c номерами: 2, 3, 4, 5, 7, 8, 10, 11, 15, 16, 17, 18, 19, 20, 21, 22, 23, 24, 25, 26, 27, 28, 29, 30, 31, 32, 33, 34, 35, 36, 37, 38, 39, 
Свежих цветов: 7, нуждаются в поливе : 33.
Кто-то полил цветок с номером: 2
Кто-то полил цветок с номером: 3
Кто-то полил цветок с номером: 4
Кто-то полил цветок с номером: 5
Кто-то полил цветок с номером: 7
Кто-то полил цветок с номером: 2
Кто-то полил цветок с номером: 3
Кто-то полил цветок с номером: 4
Кто-то полил цветок с номером: 5
Завядшие цветы вечером:8, 10, 11, 15, 16, 17, 18, 19, 20, 21, 22, 23, 24, 25, 26, 27, 28, 29, 30, 31, 32, 33, 34, 35, 36, 37, 38, 39, 
Свежих цветов: 12, нуждаются в поливе : 28.
=============================================================
У лужайки начинается новый день 30!
Увядают цветы c номерами: 0, 2, 3, 6, 7, 8, 10, 11, 12, 13, 15, 16, 17, 18, 19, 20, 21, 22, 23, 24, 25, 26, 27, 28, 29, 30, 31, 32, 33, 34, 35, 36, 37, 38, 39, 
Свежих цветов: 5, нуждаются в поливе : 35.
Кто-то полил цветок с номером: 0
Кто-то полил цветок с номером: 2
Кто-то полил цветок с номером: 3
Кто-то полил цветок с номером: 6
Кто-то полил цветок с номером: 7
Кто-то полил цветок с номером: 0
Кто-то полил цветок с номером: 2
Кто-то полил цветок с номером: 3
Кто-то полил цветок с номером: 6
Кто-то полил цветок с номером: 8
Кто-то полил цветок с номером: 10
Кто-то полил цветок с номером: 11
Кто-то полил цветок с номером: 12
Завядшие цветы вечером:13, 15, 16, 17, 18, 19, 20, 21, 22, 23, 24, 25, 26, 27, 28, 29, 30, 31, 32, 33, 34, 35, 36, 37, 38, 39, 
Свежих цветов: 14, нуждаются в поливе : 26.
=============================================================
У лужайки начинается новый день 31!
Увядают цветы c номерами: 1, 2, 3, 5, 6, 8, 9, 10, 13, 15, 16, 17, 18, 19, 20, 21, 22, 23, 24, 25, 26, 27, 28, 29, 30, 31, 32, 33, 34, 35, 36, 37, 38, 39, 
Свежих цветов: 6, нуждаются в поливе : 34.
