=============================================================
Начинается новый день 1!
Увядшие цыеты на клумбе: 1, 2, 8, 9, 11, 13, 14, 16, 17, 20, 
Свежих цветов: 30, нуждаются в поливе : 10.
Садовник Bob поливает цветок с номером 1 
Садовник Bob поливает цветок с номером 2 
Садовник Bob поливает цветок с номером 8 
Садовник Bob поливает цветок с номером 9 
Садовник Bob поливает цветок с номером 11 
flagСадовник Alice поливает цветок с номером 1 
Садовник Alice поливает цветок с номером 2 
Садовник Alice поливает цветок с номером 8 
Садовник Alice поливает цветок с номером 9 
=============================================================
Начинается новый день 2!
Увядшие цыеты на клумбе: 1, 2, 3, 4, 5, 7, 8, 9, 10, 11, 13, 14, 16, 17, 20, 
Свежих цветов: 25, нуждаются в поливе : 15.
Садовник Bob поливает цветок с номером 1 
Садовник Bob поливает цветок с номером 2 
Садовник Bob поливает цветок с номером 3 
Садовник Bob поливает цветок с номером 4 
Садовник Bob поливает цветок с номером 5 
flagСадовник Alice поливает цветок с номером 7 
Садовник Alice поливает цветок с номером 8 
Садовник Alice поливает цветок с номером 9 
Садовник Alice поливает цветок с номером 10 
=============================================================
Начинается новый день 3!
Увядшие цыеты на клумбе: 1, 2, 6, 7, 9, 10, 11, 13, 14, 15, 16, 17, 18, 19, 20, 22, 
Свежих цветов: 24, нуждаются в поливе : 16.
Садовник Alice поливает цветок с номером 1 
Садовник Alice поливает цветок с номером 2 
Садовник Alice поливает цветок с номером 6 
Садовник Alice поливает цветок с номером 7 
flagСадовник Bob поливает цветок с номером 9 
Садовник Bob поливает цветок с номером 1 
Садовник Bob поливает цветок с номером 2 
Садовник Bob поливает цветок с номером 6 
Садовник Bob поливает цветок с номером 7 
=============================================================
Начинается новый день 4!
Увядшие цыеты на клумбе: 3, 4, 9, 10, 11, 13, 14, 15, 16, 17, 18, 19, 20, 22, 23, 26, 28, 30, 
Свежих цветов: 22, нуждаются в поливе : 18.
Садовник Alice поливает цветок с номером 3 
Садовник Alice поливает цветок с номером 4 
Садовник Alice поливает цветок с номером 9 
Садовник Alice поливает цветок с номером 10 
flagСадовник Bob поливает цветок с номером 11 
Садовник Bob поливает цветок с номером 13 
Садовник Bob поливает цветок с номером 14 
Садовник Bob поливает цветок с номером 15 
Садовник Bob поливает цветок с номером 16 
=============================================================
Начинается новый день 5!
Увядшие цыеты на клумбе: 2, 5, 7, 8, 10, 11, 12, 13, 15, 17, 18, 19, 20, 21, 22, 23, 26, 28, 30, 
Свежих цветов: 21, нуждаются в поливе : 19.
Садовник Bob поливает цветок с номером 2 
Садовник Bob поливает цветок с номером 5 
Садовник Bob поливает цветок с номером 7 
Садовник Bob поливает цветок с номером 8 
Садовник Bob поливает цветок с номером 10 
flagСадовник Alice поливает цветок с номером 2 
Садовник Alice поливает цветок с номером 5 
Садовник Alice поливает цветок с номером 7 
Садовник Alice поливает цветок с номером 8 
=============================================================
Начинается новый день 6!
Увядшие цыеты на клумбе: 1, 3, 8, 10, 11, 12, 13, 14, 15, 17, 18, 19, 20, 21, 22, 23, 25, 26, 27, 28, 30, 33, 34, 35, 
Свежих цветов: 16, нуждаются в поливе : 24.
Садовник Bob поливает цветок с номером 1 
Садовник Bob поливает цветок с номером 3 
Садовник Bob поливает цветок с номером 8 
Садовник Bob поливает цветок с номером 10 
Садовник Bob поливает цветок с номером 11 
flagСадовник Alice поливает цветок с номером 1 
Садовник Alice поливает цветок с номером 3 
Садовник Alice поливает цветок с номером 8 
Садовник Alice поливает цветок с номером 10 
=============================================================
Начинается новый день 7!
Увядшие цыеты на клумбе: 1, 2, 3, 4, 5, 8, 9, 10, 11, 12, 13, 14, 15, 17, 18, 19, 20, 21, 22, 23, 24, 25, 26, 27, 28, 30, 33, 34, 35, 
Свежих цветов: 11, нуждаются в поливе : 29.
Садовник Alice поливает цветок с номером 1 
Садовник Alice поливает цветок с номером 2 
Садовник Alice поливает цветок с номером 3 
Садовник Alice поливает цветок с номером 4 
flagСадовник Bob поливает цветок с номером 5 
Садовник Bob поливает цветок с номером 1 
Садовник Bob поливает цветок с номером 2 
Садовник Bob поливает цветок с номером 3 
Садовник Bob поливает цветок с номером 4 
=============================================================
Начинается новый день 8!
Увядшие цыеты на клумбе: 8, 9, 10, 11, 12, 13, 14, 15, 17, 18, 19, 20, 21, 22, 23, 24, 25, 26, 27, 28, 30, 33, 34, 35, 
Свежих цветов: 16, нуждаются в поливе : 24.
Садовник Alice поливает цветок с номером 8 
Садовник Alice поливает цветок с номером 9 
Садовник Alice поливает цветок с номером 10 
Садовник Alice поливает цветок с номером 11 
flagСадовник Bob поливает цветок с номером 12 
Садовник Bob поливает цветок с номером 8 
Садовник Bob поливает цветок с номером 9 
Садовник Bob поливает цветок с номером 10 
Садовник Bob поливает цветок с номером 11 
=============================================================
Начинается новый день 9!
Увядшие цыеты на клумбе: 2, 6, 12, 13, 14, 15, 16, 17, 18, 19, 20, 21, 22, 23, 24, 25, 26, 27, 28, 30, 32, 33, 34, 35, 38, 40, 
Свежих цветов: 14, нуждаются в поливе : 26.
Садовник Bob поливает цветок с номером 2 
Садовник Bob поливает цветок с номером 6 
Садовник Bob поливает цветок с номером 12 
Садовник Bob поливает цветок с номером 13 
Садовник Bob поливает цветок с номером 14 
flagСадовник Alice поливает цветок с номером 2 
Садовник Alice поливает цветок с номером 6 
Садовник Alice поливает цветок с номером 12 
Садовник Alice поливает цветок с номером 13 
=============================================================
Начинается новый день 10!
Увядшие цыеты на клумбе: 4, 7, 8, 9, 10, 14, 15, 16, 17, 18, 19, 20, 21, 22, 23, 24, 25, 26, 27, 28, 29, 30, 31, 32, 33, 34, 35, 38, 39, 40, 
Свежих цветов: 10, нуждаются в поливе : 30.
Садовник Bob поливает цветок с номером 4 
Садовник Bob поливает цветок с номером 7 
Садовник Bob поливает цветок с номером 8 
Садовник Bob поливает цветок с номером 9 
Садовник Bob поливает цветок с номером 10 
flagСадовник Alice поливает цветок с номером 1 
Садовник Alice поливает цветок с номером 2 
Садовник Alice поливает цветок с номером 3 
Садовник Alice поливает цветок с номером 4 
=============================================================
Начинается новый день 11!
Увядшие цыеты на клумбе: 1, 4, 7, 10, 11, 12, 14, 15, 16, 17, 18, 19, 20, 21, 22, 23, 24, 25, 26, 27, 28, 29, 30, 31, 32, 33, 34, 35, 36, 37, 38, 39, 40, 
Свежих цветов: 7, нуждаются в поливе : 33.
Садовник Bob поливает цветок с номером 1 
Садовник Bob поливает цветок с номером 4 
Садовник Bob поливает цветок с номером 7 
Садовник Bob поливает цветок с номером 10 
Садовник Bob поливает цветок с номером 11 
flagСадовник Alice поливает цветок с номером 12 
Садовник Alice поливает цветок с номером 14 
Садовник Alice поливает цветок с номером 15 
Садовник Alice поливает цветок с номером 16 
=============================================================
Начинается новый день 12!
Увядшие цыеты на клумбе: 2, 8, 14, 15, 17, 18, 19, 20, 21, 22, 23, 24, 25, 26, 27, 28, 29, 30, 31, 32, 33, 34, 35, 36, 37, 38, 39, 40, 
Свежих цветов: 12, нуждаются в поливе : 28.
Садовник Bob поливает цветок с номером 2 
Садовник Bob поливает цветок с номером 8 
Садовник Bob поливает цветок с номером 14 
Садовник Bob поливает цветок с номером 15 
Садовник Bob поливает цветок с номером 17 
flagСадовник Alice поливает цветок с номером 18 
Садовник Alice поливает цветок с номером 19 
Садовник Alice поливает цветок с номером 20 
Садовник Alice поливает цветок с номером 21 
=============================================================
Начинается новый день 13!
Увядшие цыеты на клумбе: 22, 23, 24, 25, 26, 27, 28, 29, 30, 31, 32, 33, 34, 35, 36, 37, 38, 39, 40, 
Свежих цветов: 21, нуждаются в поливе : 19.
Садовник Bob поливает цветок с номером 22 
Садовник Bob поливает цветок с номером 23 
Садовник Bob поливает цветок с номером 24 
Садовник Bob поливает цветок с номером 25 
Садовник Bob поливает цветок с номером 26 
flagСадовник Alice поливает цветок с номером 7 
Садовник Alice поливает цветок с номером 8 
Садовник Alice поливает цветок с номером 10 
Садовник Alice поливает цветок с номером 12 
=============================================================
Начинается новый день 14!
Увядшие цыеты на клумбе: 1, 2, 6, 7, 9, 11, 13, 14, 16, 17, 18, 19, 20, 21, 22, 25, 27, 28, 29, 30, 31, 32, 33, 34, 35, 36, 37, 38, 39, 40, 
Свежих цветов: 10, нуждаются в поливе : 30.
Садовник Bob поливает цветок с номером 1 
Садовник Bob поливает цветок с номером 2 
Садовник Bob поливает цветок с номером 6 
Садовник Bob поливает цветок с номером 7 
Садовник Bob поливает цветок с номером 9 
flagСадовник Alice поливает цветок с номером 11 
Садовник Alice поливает цветок с номером 13 
Садовник Alice поливает цветок с номером 14 
Садовник Alice поливает цветок с номером 16 
=============================================================
Начинается новый день 15!
Увядшие цыеты на клумбе: 1, 2, 4, 6, 8, 12, 16, 17, 18, 19, 20, 21, 22, 23, 24, 25, 26, 27, 28, 29, 30, 31, 32, 33, 34, 35, 36, 37, 38, 39, 40, 
Свежих цветов: 9, нуждаются в поливе : 31.
Садовник Bob поливает цветок с номером 1 
Садовник Bob поливает цветок с номером 2 
Садовник Bob поливает цветок с номером 4 
Садовник Bob поливает цветок с номером 6 
Садовник Bob поливает цветок с номером 8 
flagСадовник Alice поливает цветок с номером 12 
Садовник Alice поливает цветок с номером 16 
Садовник Alice поливает цветок с номером 17 
Садовник Alice поливает цветок с номером 18 
=============================================================
Начинается новый день 16!
Увядшие цыеты на клумбе: 19, 20, 21, 22, 23, 24, 25, 26, 27, 28, 29, 30, 31, 32, 33, 34, 35, 36, 37, 38, 39, 40, 
Свежих цветов: 18, нуждаются в поливе : 22.
Садовник Bob поливает цветок с номером 19 
Садовник Bob поливает цветок с номером 20 
Садовник Bob поливает цветок с номером 21 
Садовник Bob поливает цветок с номером 22 
Садовник Bob поливает цветок с номером 23 
flagСадовник Alice поливает цветок с номером 2 
Садовник Alice поливает цветок с номером 7 
Садовник Alice поливает цветок с номером 9 
Садовник Alice поливает цветок с номером 11 
=============================================================
Начинается новый день 17!
Увядшие цыеты на клумбе: 2, 4, 8, 11, 12, 14, 15, 16, 17, 18, 19, 23, 24, 25, 26, 27, 28, 29, 30, 31, 32, 33, 34, 35, 36, 37, 38, 39, 40, 
Свежих цветов: 11, нуждаются в поливе : 29.
Садовник Bob поливает цветок с номером 2 
Садовник Bob поливает цветок с номером 4 
Садовник Bob поливает цветок с номером 8 
Садовник Bob поливает цветок с номером 11 
Садовник Bob поливает цветок с номером 12 
flagСадовник Bob поливает цветок с номером 1 
Садовник Bob поливает цветок с номером 3 
Садовник Bob поливает цветок с номером 10 
Садовник Bob поливает цветок с номером 13 
Садовник Bob поливает цветок с номером 14 
=============================================================
Начинается новый день 18!
Увядшие цыеты на клумбе: 15, 16, 17, 18, 19, 21, 22, 23, 24, 25, 26, 27, 28, 29, 30, 31, 32, 33, 34, 35, 36, 37, 38, 39, 40, 
Свежих цветов: 15, нуждаются в поливе : 25.
Садовник Alice поливает цветок с номером 15 
Садовник Alice поливает цветок с номером 16 
Садовник Alice поливает цветок с номером 17 
Садовник Alice поливает цветок с номером 18 
flagСадовник Bob поливает цветок с номером 2 
Садовник Bob поливает цветок с номером 3 
Садовник Bob поливает цветок с номером 4 
Садовник Bob поливает цветок с номером 6 
Садовник Bob поливает цветок с номером 8 
=============================================================
Начинается новый день 19!
Увядшие цыеты на клумбе: 10, 11, 12, 14, 19, 20, 21, 22, 23, 24, 25, 26, 27, 28, 29, 30, 31, 32, 33, 34, 35, 36, 37, 38, 39, 40, 
Свежих цветов: 14, нуждаются в поливе : 26.
Садовник Alice поливает цветок с номером 10 
Садовник Alice поливает цветок с номером 11 
Садовник Alice поливает цветок с номером 12 
Садовник Alice поливает цветок с номером 14 
flagСадовник Bob поливает цветок с номером 19 
Садовник Bob поливает цветок с номером 20 
Садовник Bob поливает цветок с номером 21 
Садовник Bob поливает цветок с номером 22 
Садовник Bob поливает цветок с номером 23 
=============================================================
Начинается новый день 20!
Увядшие цыеты на клумбе: 19, 20, 21, 22, 23, 24, 25, 26, 27, 28, 29, 30, 31, 32, 33, 34, 35, 36, 37, 38, 39, 40, 
Свежих цветов: 18, нуждаются в поливе : 22.
Садовник Alice поливает цветок с номером 19 
Садовник Alice поливает цветок с номером 20 
Садовник Alice поливает цветок с номером 21 
Садовник Alice поливает цветок с номером 22 
flagСадовник Bob поливает цветок с номером 1 
Садовник Bob поливает цветок с номером 3 
Садовник Bob поливает цветок с номером 5 
Садовник Bob поливает цветок с номером 6 
Садовник Bob поливает цветок с номером 7 
=============================================================
Начинается новый день 21!
Увядшие цыеты на клумбе: 1, 3, 5, 6, 7, 8, 9, 10, 11, 12, 14, 15, 16, 17, 22, 24, 25, 26, 27, 28, 29, 30, 31, 32, 33, 34, 35, 36, 37, 38, 39, 40, 
Свежих цветов: 8, нуждаются в поливе : 32.
Садовник Alice поливает цветок с номером 1 
Садовник Alice поливает цветок с номером 3 
Садовник Alice поливает цветок с номером 5 
Садовник Alice поливает цветок с номером 6 
flagСадовник Bob поливает цветок с номером 8 
Садовник Bob поливает цветок с номером 9 
Садовник Bob поливает цветок с номером 10 
Садовник Bob поливает цветок с номером 11 
Садовник Bob поливает цветок с номером 12 
=============================================================
Начинается новый день 22!
Увядшие цыеты на клумбе: 8, 9, 10, 11, 12, 14, 15, 16, 17, 22, 24, 25, 26, 27, 28, 29, 30, 31, 32, 33, 34, 35, 36, 37, 38, 39, 40, 
Свежих цветов: 13, нуждаются в поливе : 27.
Садовник Alice поливает цветок с номером 8 
Садовник Alice поливает цветок с номером 9 
Садовник Alice поливает цветок с номером 10 
Садовник Alice поливает цветок с номером 11 
flagСадовник Alice поливает цветок с номером 2 
Садовник Alice поливает цветок с номером 3 
Садовник Alice поливает цветок с номером 4 
Садовник Alice поливает цветок с номером 6 
=============================================================
Начинается новый день 23!
Увядшие цыеты на клумбе: 8, 9, 10, 12, 13, 14, 15, 16, 17, 18, 20, 21, 22, 24, 25, 26, 27, 28, 29, 30, 31, 32, 33, 34, 35, 36, 37, 38, 39, 40, 
Свежих цветов: 10, нуждаются в поливе : 30.
Садовник Bob поливает цветок с номером 8 
Садовник Bob поливает цветок с номером 9 
Садовник Bob поливает цветок с номером 10 
Садовник Bob поливает цветок с номером 12 
Садовник Bob поливает цветок с номером 13 
flagСадовник Alice поливает цветок с номером 1 
Садовник Alice поливает цветок с номером 3 
Садовник Alice поливает цветок с номером 4 
Садовник Alice поливает цветок с номером 6 
=============================================================
Начинается новый день 24!
Увядшие цыеты на клумбе: 1, 3, 4, 6, 9, 13, 14, 15, 16, 17, 18, 19, 20, 21, 22, 24, 25, 26, 27, 28, 29, 30, 31, 32, 33, 34, 35, 36, 37, 38, 39, 40, 
Свежих цветов: 8, нуждаются в поливе : 32.
Садовник Bob поливает цветок с номером 9 
Садовник Bob поливает цветок с номером 1 
Садовник Bob поливает цветок с номером 3 
Садовник Bob поливает цветок с номером 4 
Садовник Bob поливает цветок с номером 6 
flagСадовник Alice поливает цветок с номером 1 
Садовник Alice поливает цветок с номером 3 
Садовник Alice поливает цветок с номером 7 
Садовник Alice поливает цветок с номером 10 
=============================================================
Начинается новый день 25!
Увядшие цыеты на клумбе: 1, 3, 7, 10, 13, 14, 15, 16, 17, 18, 19, 20, 21, 22, 23, 24, 25, 26, 27, 28, 29, 30, 31, 32, 33, 34, 35, 36, 37, 38, 39, 40, 
Свежих цветов: 8, нуждаются в поливе : 32.
Садовник Bob поливает цветок с номером 13 
Садовник Bob поливает цветок с номером 1 
Садовник Bob поливает цветок с номером 3 
Садовник Bob поливает цветок с номером 7 
Садовник Bob поливает цветок с номером 10 
flagСадовник Bob поливает цветок с номером 14 
Садовник Bob поливает цветок с номером 15 
Садовник Bob поливает цветок с номером 16 
Садовник Bob поливает цветок с номером 17 
Садовник Bob поливает цветок с номером 18 
=============================================================
Начинается новый день 26!
Увядшие цыеты на клумбе: 14, 15, 16, 17, 18, 19, 20, 21, 22, 23, 24, 25, 26, 27, 28, 29, 30, 31, 32, 33, 34, 35, 36, 37, 38, 39, 40, 
Свежих цветов: 13, нуждаются в поливе : 27.
Садовник Alice поливает цветок с номером 14 
Садовник Alice поливает цветок с номером 15 
Садовник Alice поливает цветок с номером 16 
Садовник Alice поливает цветок с номером 17 
flagСадовник Bob поливает цветок с номером 2 
Садовник Bob поливает цветок с номером 3 
Садовник Bob поливает цветок с номером 4 
Садовник Bob поливает цветок с номером 5 
Садовник Bob поливает цветок с номером 6 
=============================================================
Начинается новый день 27!
Увядшие цыеты на клумбе: 8, 9, 10, 11, 13, 15, 16, 17, 18, 19, 20, 21, 22, 23, 24, 25, 26, 27, 28, 29, 30, 31, 32, 33, 34, 35, 36, 37, 38, 39, 40, 
Свежих цветов: 9, нуждаются в поливе : 31.
Садовник Alice поливает цветок с номером 8 
Садовник Alice поливает цветок с номером 9 
Садовник Alice поливает цветок с номером 10 
Садовник Alice поливает цветок с номером 11 
flagСадовник Alice поливает цветок с номером 1 
Садовник Alice поливает цветок с номером 4 
Садовник Alice поливает цветок с номером 6 
Садовник Alice поливает цветок с номером 7 
=============================================================
Начинается новый день 28!
Увядшие цыеты на клумбе: 8, 9, 10, 13, 15, 16, 17, 18, 19, 20, 21, 22, 23, 24, 25, 26, 27, 28, 29, 30, 31, 32, 33, 34, 35, 36, 37, 38, 39, 40, 
Свежих цветов: 10, нуждаются в поливе : 30.
Садовник Bob поливает цветок с номером 8 
Садовник Bob поливает цветок с номером 9 
Садовник Bob поливает цветок с номером 10 
Садовник Bob поливает цветок с номером 13 
Садовник Bob поливает цветок с номером 15 
flagСадовник Bob поливает цветок с номером 3 
Садовник Bob поливает цветок с номером 4 
Садовник Bob поливает цветок с номером 5 
Садовник Bob поливает цветок с номером 6 
Садовник Bob поливает цветок с номером 8 
=============================================================
Начинается новый день 29!
Увядшие цыеты на клумбе: 3, 4, 5, 6, 8, 9, 11, 12, 16, 17, 18, 19, 20, 21, 22, 23, 24, 25, 26, 27, 28, 29, 30, 31, 32, 33, 34, 35, 36, 37, 38, 39, 40, 
Свежих цветов: 7, нуждаются в поливе : 33.
Садовник Alice поливает цветок с номером 3 
Садовник Alice поливает цветок с номером 4 
Садовник Alice поливает цветок с номером 5 
Садовник Alice поливает цветок с номером 6 
flagСадовник Bob поливает цветок с номером 1 
Садовник Bob поливает цветок с номером 3 
Садовник Bob поливает цветок с номером 4 
Садовник Bob поливает цветок с номером 7 
Садовник Bob поливает цветок с номером 8 
=============================================================
Начинается новый день 30!
Увядшие цыеты на клумбе: 1, 3, 4, 7, 8, 9, 11, 12, 13, 14, 16, 17, 18, 19, 20, 21, 22, 23, 24, 25, 26, 27, 28, 29, 30, 31, 32, 33, 34, 35, 36, 37, 38, 39, 40, 
Свежих цветов: 5, нуждаются в поливе : 35.
Садовник Alice поливает цветок с номером 1 
Садовник Alice поливает цветок с номером 3 
Садовник Alice поливает цветок с номером 4 
Садовник Alice поливает цветок с номером 7 
flagСадовник Alice поливает цветок с номером 9 
Садовник Alice поливает цветок с номером 11 
Садовник Alice поливает цветок с номером 12 
Садовник Alice поливает цветок с номером 13 
