Завядшие цветы вечером:
Свежих цветов: 40, нуждаются в поливе : 0.
=============================================================
У лужайки начинается новый день 1!
Увядают цветы c номерами: 2, 3, 4, 8, 10, 14, 20, 21, 22, 24, 
Свежих цветов: 30, нуждаются в поливе : 10.
Кто-то полил цветок с номером: 2
Кто-то полил цветок с номером: 3
Кто-то полил цветок с номером: 4
Кто-то полил цветок с номером: 8
Кто-то полил цветок с номером: 10
Кто-то полил цветок с номером: 14
Кто-то полил цветок с номером: 20
Кто-то полил цветок с номером: 21
Кто-то полил цветок с номером: 22
Завядшие цветы вечером:24, 
Свежих цветов: 39, нуждаются в поливе : 1.
=============================================================
У лужайки начинается новый день 2!
Увядают цветы c номерами: 1, 2, 5, 6, 8, 12, 13, 14, 15, 16, 24, 
Свежих цветов: 29, нуждаются в поливе : 11.
Кто-то полил цветок с номером: 14
Кто-то полил цветок с номером: 1
Кто-то полил цветок с номером: 2
Кто-то полил цветок с номером: 5
Кто-то полил цветок с номером: 6
Кто-то полил цветок с номером: 8
Завядшие цветы вечером:12, 13, 15, 16, 24, 
Свежих цветов: 35, нуждаются в поливе : 5.
=============================================================
У лужайки начинается новый день 3!
Увядают цветы c номерами: 2, 4, 6, 7, 8, 10, 11, 12, 13, 14, 15, 16, 17, 18, 24, 
Свежих цветов: 25, нуждаются в поливе : 15.
Кто-то полил цветок с номером: 2
Кто-то полил цветок с номером: 6
Кто-то полил цветок с номером: 8
Кто-то полил цветок с номером: 10
Кто-то полил цветок с номером: 14
Кто-то полил цветок с номером: 4
Кто-то полил цветок с номером: 7
Кто-то полил цветок с номером: 11
Кто-то полил цветок с номером: 12
Завядшие цветы вечером:13, 15, 16, 17, 18, 24, 
Свежих цветов: 34, нуждаются в поливе : 6.
=============================================================
У лужайки начинается новый день 4!
Увядают цветы c номерами: 1, 3, 4, 7, 8, 9, 13, 15, 16, 17, 18, 21, 22, 24, 27, 28, 
Свежих цветов: 24, нуждаются в поливе : 16.
Кто-то полил цветок с номером: 4
Кто-то полил цветок с номером: 7
Кто-то полил цветок с номером: 1
Кто-то полил цветок с номером: 3
Кто-то полил цветок с номером: 8
Кто-то полил цветок с номером: 9
Кто-то полил цветок с номером: 13
Кто-то полил цветок с номером: 15
Кто-то полил цветок с номером: 16
Кто-то полил цветок с номером: 17
Кто-то полил цветок с номером: 18
Завядшие цветы вечером:21, 22, 24, 27, 28, 
Свежих цветов: 35, нуждаются в поливе : 5.
=============================================================
У лужайки начинается новый день 5!
Увядают цветы c номерами: 1, 8, 10, 14, 16, 18, 20, 21, 22, 23, 24, 25, 27, 28, 29, 
Свежих цветов: 25, нуждаются в поливе : 15.
Кто-то полил цветок с номером: 1
Кто-то полил цветок с номером: 8
Кто-то полил цветок с номером: 16
Кто-то полил цветок с номером: 18
Кто-то полил цветок с номером: 10
Кто-то полил цветок с номером: 14
Кто-то полил цветок с номером: 20
Кто-то полил цветок с номером: 21
Завядшие цветы вечером:22, 23, 24, 25, 27, 28, 29, 
Свежих цветов: 33, нуждаются в поливе : 7.
=============================================================
У лужайки начинается новый день 6!
Увядают цветы c номерами: 0, 2, 5, 6, 7, 11, 12, 13, 16, 17, 22, 23, 24, 25, 27, 28, 29, 
Свежих цветов: 23, нуждаются в поливе : 17.
Кто-то полил цветок с номером: 0
Кто-то полил цветок с номером: 2
Кто-то полил цветок с номером: 5
Кто-то полил цветок с номером: 6
Кто-то полил цветок с номером: 7
Кто-то полил цветок с номером: 11
Кто-то полил цветок с номером: 12
Кто-то полил цветок с номером: 13
Кто-то полил цветок с номером: 16
Завядшие цветы вечером:17, 22, 23, 24, 25, 27, 28, 29, 
Свежих цветов: 32, нуждаются в поливе : 8.
=============================================================
У лужайки начинается новый день 7!
Увядают цветы c номерами: 0, 2, 6, 7, 9, 10, 12, 14, 15, 16, 17, 22, 23, 24, 25, 27, 28, 29, 
Свежих цветов: 22, нуждаются в поливе : 18.
Кто-то полил цветок с номером: 0
Кто-то полил цветок с номером: 2
Кто-то полил цветок с номером: 6
Кто-то полил цветок с номером: 7
Кто-то полил цветок с номером: 10
Кто-то полил цветок с номером: 12
Кто-то полил цветок с номером: 14
Кто-то полил цветок с номером: 16
Кто-то полил цветок с номером: 9
Кто-то полил цветок с номером: 15
Кто-то полил цветок с номером: 17
Кто-то полил цветок с номером: 22
Кто-то полил цветок с номером: 23
Кто-то полил цветок с номером: 24
Кто-то полил цветок с номером: 25
Кто-то полил цветок с номером: 27
Кто-то полил цветок с номером: 28
Завядшие цветы вечером:29, 
Свежих цветов: 39, нуждаются в поливе : 1.
=============================================================
У лужайки начинается новый день 8!
Увядают цветы c номерами: 1, 5, 6, 7, 9, 11, 12, 15, 17, 20, 29, 
Свежих цветов: 29, нуждаются в поливе : 11.
Кто-то полил цветок с номером: 1
Кто-то полил цветок с номером: 5
Кто-то полил цветок с номером: 6
Кто-то полил цветок с номером: 7
Кто-то полил цветок с номером: 9
Завядшие цветы вечером:11, 12, 15, 17, 20, 29, 
Свежих цветов: 34, нуждаются в поливе : 6.
=============================================================
У лужайки начинается новый день 9!
Увядают цветы c номерами: 0, 1, 2, 3, 9, 11, 12, 13, 15, 16, 17, 20, 23, 25, 27, 29, 
Свежих цветов: 24, нуждаются в поливе : 16.
Кто-то полил цветок с номером: 1
Кто-то полил цветок с номером: 9
Кто-то полил цветок с номером: 23
Кто-то полил цветок с номером: 25
Кто-то полил цветок с номером: 27
Кто-то полил цветок с номером: 0
Кто-то полил цветок с номером: 2
Кто-то полил цветок с номером: 3
Кто-то полил цветок с номером: 11
Кто-то полил цветок с номером: 12
Кто-то полил цветок с номером: 13
Кто-то полил цветок с номером: 15
Кто-то полил цветок с номером: 16
Кто-то полил цветок с номером: 17
Завядшие цветы вечером:20, 29, 
Свежих цветов: 38, нуждаются в поливе : 2.
=============================================================
У лужайки начинается новый день 10!
Увядают цветы c номерами: 1, 2, 4, 6, 9, 11, 12, 13, 16, 18, 20, 29, 
Свежих цветов: 28, нуждаются в поливе : 12.
Кто-то полил цветок с номером: 13
Кто-то полил цветок с номером: 16
Кто-то полил цветок с номером: 1
Кто-то полил цветок с номером: 2
Кто-то полил цветок с номером: 4
Кто-то полил цветок с номером: 6
Кто-то полил цветок с номером: 9
Завядшие цветы вечером:11, 12, 18, 20, 29, 
Свежих цветов: 35, нуждаются в поливе : 5.
=============================================================
У лужайки начинается новый день 11!
Увядают цветы c номерами: 0, 1, 4, 5, 7, 11, 12, 17, 18, 19, 20, 22, 24, 25, 29, 
Свежих цветов: 25, нуждаются в поливе : 15.
Кто-то полил цветок с номером: 1
Кто-то полил цветок с номером: 4
Кто-то полил цветок с номером: 17
Кто-то полил цветок с номером: 0
Кто-то полил цветок с номером: 5
Кто-то полил цветок с номером: 7
Кто-то полил цветок с номером: 11
Кто-то полил цветок с номером: 12
Кто-то полил цветок с номером: 18
Кто-то полил цветок с номером: 19
Кто-то полил цветок с номером: 20
Кто-то полил цветок с номером: 22
Завядшие цветы вечером:24, 25, 29, 
Свежих цветов: 37, нуждаются в поливе : 3.
=============================================================
У лужайки начинается новый день 12!
Увядают цветы c номерами: 0, 1, 2, 4, 5, 8, 10, 12, 13, 16, 24, 25, 29, 
Свежих цветов: 27, нуждаются в поливе : 13.
Кто-то полил цветок с номером: 12
Кто-то полил цветок с номером: 0
Кто-то полил цветок с номером: 1
Кто-то полил цветок с номером: 2
Кто-то полил цветок с номером: 4
Кто-то полил цветок с номером: 5
Завядшие цветы вечером:8, 10, 13, 16, 24, 25, 29, 
Свежих цветов: 33, нуждаются в поливе : 7.
=============================================================
У лужайки начинается новый день 13!
Увядают цветы c номерами: 2, 3, 4, 6, 7, 8, 10, 12, 13, 14, 16, 17, 19, 21, 24, 25, 29, 
Свежих цветов: 23, нуждаются в поливе : 17.
Кто-то полил цветок с номером: 2
Кто-то полил цветок с номером: 4
Кто-то полил цветок с номером: 12
Кто-то полил цветок с номером: 19
Кто-то полил цветок с номером: 3
Кто-то полил цветок с номером: 6
Кто-то полил цветок с номером: 7
Кто-то полил цветок с номером: 8
Кто-то полил цветок с номером: 10
Завядшие цветы вечером:13, 14, 16, 17, 21, 24, 25, 29, 
Свежих цветов: 32, нуждаются в поливе : 8.
=============================================================
У лужайки начинается новый день 14!
Увядают цветы c номерами: 0, 5, 8, 10, 11, 12, 13, 14, 16, 17, 19, 20, 21, 24, 25, 26, 29, 33, 
Свежих цветов: 22, нуждаются в поливе : 18.
Кто-то полил цветок с номером: 8
Кто-то полил цветок с номером: 10
Кто-то полил цветок с номером: 0
Кто-то полил цветок с номером: 5
Кто-то полил цветок с номером: 11
Кто-то полил цветок с номером: 12
Кто-то полил цветок с номером: 13
Кто-то полил цветок с номером: 14
Кто-то полил цветок с номером: 16
Кто-то полил цветок с номером: 17
Кто-то полил цветок с номером: 19
Кто-то полил цветок с номером: 20
Кто-то полил цветок с номером: 21
Кто-то полил цветок с номером: 24
Кто-то полил цветок с номером: 25
Завядшие цветы вечером:26, 29, 33, 
Свежих цветов: 37, нуждаются в поливе : 3.
=============================================================
У лужайки начинается новый день 15!
Увядают цветы c номерами: 1, 2, 3, 4, 5, 8, 12, 13, 15, 16, 26, 29, 33, 
Свежих цветов: 27, нуждаются в поливе : 13.
Кто-то полил цветок с номером: 5
Кто-то полил цветок с номером: 12
Кто-то полил цветок с номером: 13
Кто-то полил цветок с номером: 16
Кто-то полил цветок с номером: 1
Кто-то полил цветок с номером: 2
Кто-то полил цветок с номером: 3
Кто-то полил цветок с номером: 4
Кто-то полил цветок с номером: 8
Кто-то полил цветок с номером: 15
Кто-то полил цветок с номером: 26
Кто-то полил цветок с номером: 29
Кто-то полил цветок с номером: 33
Завядшие цветы вечером:
Свежих цветов: 40, нуждаются в поливе : 0.
=============================================================
У лужайки начинается новый день 16!
Увядают цветы c номерами: 1, 4, 5, 6, 7, 11, 16, 17, 18, 19, 
Свежих цветов: 30, нуждаются в поливе : 10.
Кто-то полил цветок с номером: 1
Кто-то полил цветок с номером: 4
Кто-то полил цветок с номером: 5
Кто-то полил цветок с номером: 6
Кто-то полил цветок с номером: 7
Кто-то полил цветок с номером: 11
Кто-то полил цветок с номером: 16
Кто-то полил цветок с номером: 17
Кто-то полил цветок с номером: 18
Завядшие цветы вечером:19, 
Свежих цветов: 39, нуждаются в поливе : 1.
=============================================================
У лужайки начинается новый день 17!
Увядают цветы c номерами: 2, 3, 5, 6, 11, 13, 16, 19, 22, 24, 26, 
Свежих цветов: 29, нуждаются в поливе : 11.
Кто-то полил цветок с номером: 5
Кто-то полил цветок с номером: 6
Кто-то полил цветок с номером: 11
Кто-то полил цветок с номером: 16
Кто-то полил цветок с номером: 26
Кто-то полил цветок с номером: 2
Кто-то полил цветок с номером: 3
Кто-то полил цветок с номером: 13
Кто-то полил цветок с номером: 19
Кто-то полил цветок с номером: 22
Завядшие цветы вечером:24, 
Свежих цветов: 39, нуждаются в поливе : 1.
=============================================================
У лужайки начинается новый день 18!
Увядают цветы c номерами: 2, 4, 5, 7, 8, 9, 10, 14, 15, 18, 24, 
Свежих цветов: 29, нуждаются в поливе : 11.
Кто-то полил цветок с номером: 2
Кто-то полил цветок с номером: 4
Кто-то полил цветок с номером: 5
Кто-то полил цветок с номером: 7
Кто-то полил цветок с номером: 8
Кто-то полил цветок с номером: 9
Кто-то полил цветок с номером: 10
Кто-то полил цветок с номером: 14
Кто-то полил цветок с номером: 15
Кто-то полил цветок с номером: 18
Завядшие цветы вечером:24, 
Свежих цветов: 39, нуждаются в поливе : 1.
=============================================================
У лужайки начинается новый день 19!
Увядают цветы c номерами: 0, 1, 2, 3, 8, 10, 11, 12, 13, 15, 24, 
Свежих цветов: 29, нуждаются в поливе : 11.
Кто-то полил цветок с номером: 8
Кто-то полил цветок с номером: 10
Кто-то полил цветок с номером: 15
Кто-то полил цветок с номером: 0
Кто-то полил цветок с номером: 1
Кто-то полил цветок с номером: 2
Кто-то полил цветок с номером: 3
Кто-то полил цветок с номером: 11
Кто-то полил цветок с номером: 12
Кто-то полил цветок с номером: 13
Кто-то полил цветок с номером: 24
Завядшие цветы вечером:
Свежих цветов: 40, нуждаются в поливе : 0.
=============================================================
У лужайки начинается новый день 20!
Увядают цветы c номерами: 0, 3, 7, 8, 9, 10, 11, 12, 14, 15, 
Свежих цветов: 30, нуждаются в поливе : 10.
Кто-то полил цветок с номером: 0
Кто-то полил цветок с номером: 3
Кто-то полил цветок с номером: 7
Кто-то полил цветок с номером: 8
Кто-то полил цветок с номером: 9
Завядшие цветы вечером:10, 11, 12, 14, 15, 
Свежих цветов: 35, нуждаются в поливе : 5.
=============================================================
У лужайки начинается новый день 21!
Увядают цветы c номерами: 1, 2, 3, 8, 9, 10, 11, 12, 14, 15, 17, 18, 20, 22, 23, 
Свежих цветов: 25, нуждаются в поливе : 15.
Кто-то полил цветок с номером: 3
Кто-то полил цветок с номером: 8
Кто-то полил цветок с номером: 9
Кто-то полил цветок с номером: 1
Кто-то полил цветок с номером: 2
Кто-то полил цветок с номером: 10
Кто-то полил цветок с номером: 11
Кто-то полил цветок с номером: 12
Кто-то полил цветок с номером: 14
Кто-то полил цветок с номером: 15
Кто-то полил цветок с номером: 17
Кто-то полил цветок с номером: 18
Кто-то полил цветок с номером: 20
Кто-то полил цветок с номером: 22
Кто-то полил цветок с номером: 23
Завядшие цветы вечером:
Свежих цветов: 40, нуждаются в поливе : 0.
=============================================================
У лужайки начинается новый день 22!
Увядают цветы c номерами: 5, 6, 8, 11, 16, 17, 22, 23, 28, 32, 
Свежих цветов: 30, нуждаются в поливе : 10.
Кто-то полил цветок с номером: 22
Кто-то полил цветок с номером: 23
Кто-то полил цветок с номером: 5
Кто-то полил цветок с номером: 6
Кто-то полил цветок с номером: 8
Кто-то полил цветок с номером: 11
Кто-то полил цветок с номером: 16
Кто-то полил цветок с номером: 17
Кто-то полил цветок с номером: 28
Кто-то полил цветок с номером: 32
Завядшие цветы вечером:
Свежих цветов: 40, нуждаются в поливе : 0.
=============================================================
У лужайки начинается новый день 23!
Увядают цветы c номерами: 5, 7, 11, 12, 14, 16, 18, 21, 22, 23, 
Свежих цветов: 30, нуждаются в поливе : 10.
Кто-то полил цветок с номером: 5
Кто-то полил цветок с номером: 11
Кто-то полил цветок с номером: 16
Кто-то полил цветок с номером: 22
Кто-то полил цветок с номером: 23
Кто-то полил цветок с номером: 7
Кто-то полил цветок с номером: 12
Кто-то полил цветок с номером: 14
Кто-то полил цветок с номером: 18
Кто-то полил цветок с номером: 21
Завядшие цветы вечером:
Свежих цветов: 40, нуждаются в поливе : 0.
=============================================================
У лужайки начинается новый день 24!
Увядают цветы c номерами: 3, 4, 5, 6, 10, 11, 15, 17, 18, 21, 
Свежих цветов: 30, нуждаются в поливе : 10.
Кто-то полил цветок с номером: 3
Кто-то полил цветок с номером: 4
Кто-то полил цветок с номером: 5
Кто-то полил цветок с номером: 6
Кто-то полил цветок с номером: 10
Завядшие цветы вечером:11, 15, 17, 18, 21, 
Свежих цветов: 35, нуждаются в поливе : 5.
=============================================================
У лужайки начинается новый день 25!
Увядают цветы c номерами: 0, 3, 4, 5, 6, 7, 11, 12, 14, 15, 16, 17, 18, 21, 22, 
Свежих цветов: 25, нуждаются в поливе : 15.
Кто-то полил цветок с номером: 3
Кто-то полил цветок с номером: 4
Кто-то полил цветок с номером: 5
Кто-то полил цветок с номером: 6
Кто-то полил цветок с номером: 0
Кто-то полил цветок с номером: 7
Кто-то полил цветок с номером: 11
Кто-то полил цветок с номером: 12
Кто-то полил цветок с номером: 14
Кто-то полил цветок с номером: 15
Кто-то полил цветок с номером: 16
Кто-то полил цветок с номером: 17
Кто-то полил цветок с номером: 18
Завядшие цветы вечером:21, 22, 
Свежих цветов: 38, нуждаются в поливе : 2.
=============================================================
У лужайки начинается новый день 26!
Увядают цветы c номерами: 0, 1, 2, 7, 8, 10, 13, 15, 20, 21, 22, 23, 
Свежих цветов: 28, нуждаются в поливе : 12.
Кто-то полил цветок с номером: 15
Кто-то полил цветок с номером: 0
Кто-то полил цветок с номером: 1
Кто-то полил цветок с номером: 2
Кто-то полил цветок с номером: 7
Кто-то полил цветок с номером: 8
Кто-то полил цветок с номером: 10
Кто-то полил цветок с номером: 13
Кто-то полил цветок с номером: 20
Кто-то полил цветок с номером: 21
Кто-то полил цветок с номером: 22
Кто-то полил цветок с номером: 23
Завядшие цветы вечером:
Свежих цветов: 40, нуждаются в поливе : 0.
=============================================================
У лужайки начинается новый день 27!
Увядают цветы c номерами: 2, 3, 5, 6, 8, 9, 12, 13, 14, 17, 
Свежих цветов: 30, нуждаются в поливе : 10.
Кто-то полил цветок с номером: 2
Кто-то полил цветок с номером: 8
Кто-то полил цветок с номером: 13
Кто-то полил цветок с номером: 3
Кто-то полил цветок с номером: 5
Кто-то полил цветок с номером: 6
Кто-то полил цветок с номером: 9
Кто-то полил цветок с номером: 12
Кто-то полил цветок с номером: 14
Кто-то полил цветок с номером: 17
Завядшие цветы вечером:
Свежих цветов: 40, нуждаются в поливе : 0.
=============================================================
У лужайки начинается новый день 28!
Увядают цветы c номерами: 2, 3, 7, 8, 9, 10, 11, 12, 14, 15, 
Свежих цветов: 30, нуждаются в поливе : 10.
Кто-то полил цветок с номером: 14
Кто-то полил цветок с номером: 2
Кто-то полил цветок с номером: 3
Кто-то полил цветок с номером: 7
Кто-то полил цветок с номером: 8
Кто-то полил цветок с номером: 9
Завядшие цветы вечером:10, 11, 12, 15, 
Свежих цветов: 36, нуждаются в поливе : 4.
=============================================================
У лужайки начинается новый день 29!
Увядают цветы c номерами: 2, 4, 6, 8, 9, 10, 11, 12, 13, 14, 15, 19, 20, 24, 
Свежих цветов: 26, нуждаются в поливе : 14.
Кто-то полил цветок с номером: 2
Кто-то полил цветок с номером: 8
Кто-то полил цветок с номером: 9
Кто-то полил цветок с номером: 14
Кто-то полил цветок с номером: 4
Кто-то полил цветок с номером: 6
Кто-то полил цветок с номером: 10
Кто-то полил цветок с номером: 11
Кто-то полил цветок с номером: 12
Кто-то полил цветок с номером: 13
Кто-то полил цветок с номером: 15
Кто-то полил цветок с номером: 19
Кто-то полил цветок с номером: 20
Кто-то полил цветок с номером: 24
Завядшие цветы вечером:
Свежих цветов: 40, нуждаются в поливе : 0.
=============================================================
У лужайки начинается новый день 30!
Увядают цветы c номерами: 0, 1, 2, 3, 4, 6, 9, 10, 11, 12, 
Свежих цветов: 30, нуждаются в поливе : 10.
Кто-то полил цветок с номером: 0
Кто-то полил цветок с номером: 1
Кто-то полил цветок с номером: 2
Кто-то полил цветок с номером: 3
Кто-то полил цветок с номером: 4
Завядшие цветы вечером:6, 9, 10, 11, 12, 
Свежих цветов: 35, нуждаются в поливе : 5.
=============================================================
У лужайки начинается новый день 31!
Увядают цветы c номерами: 0, 3, 4, 6, 7, 8, 9, 10, 11, 12, 13, 17, 19, 22, 25, 
Свежих цветов: 25, нуждаются в поливе : 15.
Кто-то полил цветок с номером: 0
Кто-то полил цветок с номером: 3
Кто-то полил цветок с номером: 4
Кто-то полил цветок с номером: 6
Кто-то полил цветок с номером: 7
Кто-то полил цветок с номером: 8
Кто-то полил цветок с номером: 9
Кто-то полил цветок с номером: 10
Кто-то полил цветок с номером: 11
Кто-то полил цветок с номером: 12
Кто-то полил цветок с номером: 13
Кто-то полил цветок с номером: 17
Завядшие цветы вечером:19, 22, 25, 
Свежих цветов: 37, нуждаются в поливе : 3.
=============================================================
У лужайки начинается новый день 32!
Увядают цветы c номерами: 4, 5, 7, 10, 11, 13, 14, 15, 16, 18, 19, 22, 25, 
Свежих цветов: 27, нуждаются в поливе : 13.
Кто-то полил цветок с номером: 10
Кто-то полил цветок с номером: 11
Кто-то полил цветок с номером: 13
Кто-то полил цветок с номером: 4
Кто-то полил цветок с номером: 5
Кто-то полил цветок с номером: 7
Кто-то полил цветок с номером: 14
Кто-то полил цветок с номером: 15
Кто-то полил цветок с номером: 16
Кто-то полил цветок с номером: 18
Кто-то полил цветок с номером: 19
Кто-то полил цветок с номером: 22
Завядшие цветы вечером:25, 
Свежих цветов: 39, нуждаются в поливе : 1.
=============================================================
У лужайки начинается новый день 33!
Увядают цветы c номерами: 0, 1, 3, 4, 9, 10, 11, 15, 17, 21, 25, 
Свежих цветов: 29, нуждаются в поливе : 11.
Кто-то полил цветок с номером: 4
Кто-то полил цветок с номером: 15
Кто-то полил цветок с номером: 0
Кто-то полил цветок с номером: 1
Кто-то полил цветок с номером: 3
Кто-то полил цветок с номером: 9
Кто-то полил цветок с номером: 10
Кто-то полил цветок с номером: 11
Кто-то полил цветок с номером: 17
Кто-то полил цветок с номером: 21
Кто-то полил цветок с номером: 25
Завядшие цветы вечером:
Свежих цветов: 40, нуждаются в поливе : 0.
=============================================================
У лужайки начинается новый день 34!
Увядают цветы c номерами: 0, 3, 5, 7, 8, 11, 15, 16, 18, 19, 
Свежих цветов: 30, нуждаются в поливе : 10.
Кто-то полил цветок с номером: 0
Кто-то полил цветок с номером: 3
Кто-то полил цветок с номером: 5
Кто-то полил цветок с номером: 7
Кто-то полил цветок с номером: 8
Кто-то полил цветок с номером: 11
Кто-то полил цветок с номером: 15
Кто-то полил цветок с номером: 16
Кто-то полил цветок с номером: 18
Завядшие цветы вечером:19, 
Свежих цветов: 39, нуждаются в поливе : 1.
=============================================================
У лужайки начинается новый день 35!
Увядают цветы c номерами: 3, 5, 6, 7, 10, 12, 13, 14, 15, 16, 19, 
Свежих цветов: 29, нуждаются в поливе : 11.
Кто-то полил цветок с номером: 3
Кто-то полил цветок с номером: 5
Кто-то полил цветок с номером: 7
Кто-то полил цветок с номером: 15
Кто-то полил цветок с номером: 16
Кто-то полил цветок с номером: 6
Кто-то полил цветок с номером: 10
Кто-то полил цветок с номером: 12
Кто-то полил цветок с номером: 13
Кто-то полил цветок с номером: 14
Кто-то полил цветок с номером: 19
Завядшие цветы вечером:
Свежих цветов: 40, нуждаются в поливе : 0.
=============================================================
У лужайки начинается новый день 36!
Увядают цветы c номерами: 1, 2, 3, 5, 7, 8, 10, 13, 14, 15, 
Свежих цветов: 30, нуждаются в поливе : 10.
Кто-то полил цветок с номером: 1
Кто-то полил цветок с номером: 2
Кто-то полил цветок с номером: 3
Кто-то полил цветок с номером: 5
Кто-то полил цветок с номером: 7
Кто-то полил цветок с номером: 8
Кто-то полил цветок с номером: 10
Кто-то полил цветок с номером: 13
Кто-то полил цветок с номером: 14
Завядшие цветы вечером:15, 
Свежих цветов: 39, нуждаются в поливе : 1.
=============================================================
У лужайки начинается новый день 37!
Увядают цветы c номерами: 1, 7, 9, 12, 15, 18, 21, 22, 24, 26, 28, 
Свежих цветов: 29, нуждаются в поливе : 11.
Кто-то полил цветок с номером: 1
Кто-то полил цветок с номером: 7
Кто-то полил цветок с номером: 9
Кто-то полил цветок с номером: 12
Кто-то полил цветок с номером: 15
Кто-то полил цветок с номером: 18
Кто-то полил цветок с номером: 21
Кто-то полил цветок с номером: 22
Кто-то полил цветок с номером: 24
Кто-то полил цветок с номером: 26
Кто-то полил цветок с номером: 28
Завядшие цветы вечером:
Свежих цветов: 40, нуждаются в поливе : 0.
=============================================================
У лужайки начинается новый день 38!
Увядают цветы c номерами: 0, 2, 3, 4, 8, 9, 11, 13, 21, 22, 
Свежих цветов: 30, нуждаются в поливе : 10.
Кто-то полил цветок с номером: 22
Кто-то полил цветок с номером: 0
Кто-то полил цветок с номером: 2
Кто-то полил цветок с номером: 3
Кто-то полил цветок с номером: 4
Кто-то полил цветок с номером: 8
Кто-то полил цветок с номером: 9
Кто-то полил цветок с номером: 11
Кто-то полил цветок с номером: 13
Кто-то полил цветок с номером: 21
Завядшие цветы вечером:
Свежих цветов: 40, нуждаются в поливе : 0.
=============================================================
У лужайки начинается новый день 39!
Увядают цветы c номерами: 3, 4, 8, 11, 15, 17, 21, 23, 25, 27, 
Свежих цветов: 30, нуждаются в поливе : 10.
Кто-то полил цветок с номером: 3
Кто-то полил цветок с номером: 4
Кто-то полил цветок с номером: 8
Кто-то полил цветок с номером: 11
Кто-то полил цветок с номером: 21
Кто-то полил цветок с номером: 15
Кто-то полил цветок с номером: 17
Кто-то полил цветок с номером: 23
Кто-то полил цветок с номером: 25
Кто-то полил цветок с номером: 27
Завядшие цветы вечером:
Свежих цветов: 40, нуждаются в поливе : 0.
=============================================================
У лужайки начинается новый день 40!
Увядают цветы c номерами: 1, 2, 3, 5, 6, 9, 10, 13, 15, 18, 
Свежих цветов: 30, нуждаются в поливе : 10.
Кто-то полил цветок с номером: 15
Кто-то полил цветок с номером: 1
Кто-то полил цветок с номером: 2
Кто-то полил цветок с номером: 3
Кто-то полил цветок с номером: 5
Кто-то полил цветок с номером: 6
Кто-то полил цветок с номером: 9
Кто-то полил цветок с номером: 10
Кто-то полил цветок с номером: 13
Кто-то полил цветок с номером: 18
Завядшие цветы вечером:
Свежих цветов: 40, нуждаются в поливе : 0.
=============================================================
У лужайки начинается новый день 41!
Увядают цветы c номерами: 0, 3, 4, 7, 10, 12, 13, 14, 15, 17, 
Свежих цветов: 30, нуждаются в поливе : 10.
Кто-то полил цветок с номером: 3
Кто-то полил цветок с номером: 10
Кто-то полил цветок с номером: 13
Кто-то полил цветок с номером: 0
Кто-то полил цветок с номером: 4
Кто-то полил цветок с номером: 7
Кто-то полил цветок с номером: 12
Кто-то полил цветок с номером: 14
Завядшие цветы вечером:15, 17, 
Свежих цветов: 38, нуждаются в поливе : 2.
=============================================================
У лужайки начинается новый день 42!
Увядают цветы c номерами: 1, 6, 8, 9, 10, 12, 13, 14, 15, 17, 18, 19, 
Свежих цветов: 28, нуждаются в поливе : 12.
Кто-то полил цветок с номером: 12
Кто-то полил цветок с номером: 14
Кто-то полил цветок с номером: 1
Кто-то полил цветок с номером: 6
Кто-то полил цветок с номером: 8
Кто-то полил цветок с номером: 9
Кто-то полил цветок с номером: 10
Кто-то полил цветок с номером: 13
Кто-то полил цветок с номером: 15
Кто-то полил цветок с номером: 17
Кто-то полил цветок с номером: 18
Завядшие цветы вечером:19, 
Свежих цветов: 39, нуждаются в поливе : 1.
=============================================================
У лужайки начинается новый день 43!
Увядают цветы c номерами: 3, 4, 7, 11, 13, 14, 18, 19, 21, 22, 24, 
Свежих цветов: 29, нуждаются в поливе : 11.
Кто-то полил цветок с номером: 13
Кто-то полил цветок с номером: 18
Кто-то полил цветок с номером: 3
Кто-то полил цветок с номером: 4
Кто-то полил цветок с номером: 7
Кто-то полил цветок с номером: 11
Кто-то полил цветок с номером: 14
Кто-то полил цветок с номером: 19
Кто-то полил цветок с номером: 21
Кто-то полил цветок с номером: 22
Кто-то полил цветок с номером: 24
Завядшие цветы вечером:
Свежих цветов: 40, нуждаются в поливе : 0.
=============================================================
У лужайки начинается новый день 44!
Увядают цветы c номерами: 0, 3, 4, 9, 14, 15, 16, 18, 19, 21, 
Свежих цветов: 30, нуждаются в поливе : 10.
Кто-то полил цветок с номером: 14
Кто-то полил цветок с номером: 19
Кто-то полил цветок с номером: 21
Кто-то полил цветок с номером: 0
Кто-то полил цветок с номером: 3
Кто-то полил цветок с номером: 4
Кто-то полил цветок с номером: 9
Кто-то полил цветок с номером: 15
Кто-то полил цветок с номером: 16
Кто-то полил цветок с номером: 18
Завядшие цветы вечером:
Свежих цветов: 40, нуждаются в поливе : 0.
=============================================================
У лужайки начинается новый день 45!
Увядают цветы c номерами: 1, 2, 5, 7, 11, 12, 17, 19, 20, 21, 
Свежих цветов: 30, нуждаются в поливе : 10.
Кто-то полил цветок с номером: 1
Кто-то полил цветок с номером: 2
Кто-то полил цветок с номером: 5
Кто-то полил цветок с номером: 7
Кто-то полил цветок с номером: 11
Завядшие цветы вечером:12, 17, 19, 20, 21, 
Свежих цветов: 35, нуждаются в поливе : 5.
=============================================================
У лужайки начинается новый день 46!
Увядают цветы c номерами: 1, 2, 3, 5, 6, 7, 8, 10, 11, 12, 13, 17, 19, 20, 21, 
Свежих цветов: 25, нуждаются в поливе : 15.
Кто-то полил цветок с номером: 1
Кто-то полил цветок с номером: 2
Кто-то полил цветок с номером: 5
Кто-то полил цветок с номером: 7
Кто-то полил цветок с номером: 11
Кто-то полил цветок с номером: 3
Кто-то полил цветок с номером: 6
Кто-то полил цветок с номером: 8
Кто-то полил цветок с номером: 10
Кто-то полил цветок с номером: 12
Кто-то полил цветок с номером: 13
Кто-то полил цветок с номером: 17
Кто-то полил цветок с номером: 19
Кто-то полил цветок с номером: 20
Завядшие цветы вечером:21, 
Свежих цветов: 39, нуждаются в поливе : 1.
=============================================================
У лужайки начинается новый день 47!
Увядают цветы c номерами: 4, 6, 7, 11, 12, 13, 16, 18, 19, 21, 22, 
Свежих цветов: 29, нуждаются в поливе : 11.
Кто-то полил цветок с номером: 6
Кто-то полил цветок с номером: 12
Кто-то полил цветок с номером: 13
Кто-то полил цветок с номером: 19
Кто-то полил цветок с номером: 4
Кто-то полил цветок с номером: 7
Кто-то полил цветок с номером: 11
Кто-то полил цветок с номером: 16
Кто-то полил цветок с номером: 18
Кто-то полил цветок с номером: 21
Кто-то полил цветок с номером: 22
Завядшие цветы вечером:
Свежих цветов: 40, нуждаются в поливе : 0.
=============================================================
У лужайки начинается новый день 48!
Увядают цветы c номерами: 2, 7, 9, 14, 18, 19, 22, 23, 24, 25, 
Свежих цветов: 30, нуждаются в поливе : 10.
Кто-то полил цветок с номером: 18
Кто-то полил цветок с номером: 22
Кто-то полил цветок с номером: 2
Кто-то полил цветок с номером: 7
Кто-то полил цветок с номером: 9
Кто-то полил цветок с номером: 14
Кто-то полил цветок с номером: 19
Кто-то полил цветок с номером: 23
Кто-то полил цветок с номером: 24
Кто-то полил цветок с номером: 25
Завядшие цветы вечером:
Свежих цветов: 40, нуждаются в поливе : 0.
=============================================================
У лужайки начинается новый день 49!
Увядают цветы c номерами: 1, 2, 3, 8, 9, 12, 13, 17, 18, 22, 
Свежих цветов: 30, нуждаются в поливе : 10.
Кто-то полил цветок с номером: 2
Кто-то полил цветок с номером: 9
Кто-то полил цветок с номером: 1
Кто-то полил цветок с номером: 3
Кто-то полил цветок с номером: 8
Кто-то полил цветок с номером: 12
Кто-то полил цветок с номером: 13
Кто-то полил цветок с номером: 17
Кто-то полил цветок с номером: 18
Кто-то полил цветок с номером: 22
Завядшие цветы вечером:
Свежих цветов: 40, нуждаются в поливе : 0.
=============================================================
У лужайки начинается новый день 50!
Увядают цветы c номерами: 0, 1, 4, 8, 11, 12, 15, 17, 20, 22, 
Свежих цветов: 30, нуждаются в поливе : 10.
Кто-то полил цветок с номером: 0
Кто-то полил цветок с номером: 1
Кто-то полил цветок с номером: 4
Кто-то полил цветок с номером: 8
Кто-то полил цветок с номером: 11
