Завядшие цветы вечером:
Свежих цветов: 40, нуждаются в поливе : 0.
=============================================================
У лужайки начинается новый день 1!
Увядают цветы c номерами: 0, 1, 2, 4, 5, 7, 8, 9, 10, 15, 
Свежих цветов: 30, нуждаются в поливе : 10.
Завядшие цветы вечером:0, 1, 2, 4, 5, 7, 8, 9, 10, 15, 
Свежих цветов: 30, нуждаются в поливе : 10.
=============================================================
У лужайки начинается новый день 2!
Увядают цветы c номерами: 0, 1, 2, 4, 5, 6, 7, 8, 9, 10, 12, 13, 14, 15, 16, 19, 20, 22, 23, 24, 
Свежих цветов: 20, нуждаются в поливе : 20.
Кто-то полил цветок с номером: 1
Кто-то полил цветок с номером: 2
Кто-то полил цветок с номером: 5
Кто-то полил цветок с номером: 6
Завядшие цветы вечером:0, 4, 7, 8, 9, 10, 12, 13, 14, 15, 16, 19, 20, 22, 23, 24, 
Свежих цветов: 24, нуждаются в поливе : 16.
=============================================================
У лужайки начинается новый день 3!
Увядают цветы c номерами: 0, 1, 3, 4, 7, 8, 9, 10, 11, 12, 13, 14, 15, 16, 19, 20, 21, 22, 23, 24, 26, 28, 32, 34, 35, 37, 
Свежих цветов: 14, нуждаются в поливе : 26.
Кто-то полил цветок с номером: 1
Кто-то полил цветок с номером: 8
Кто-то полил цветок с номером: 9
Кто-то полил цветок с номером: 10
Завядшие цветы вечером:0, 3, 4, 7, 11, 12, 13, 14, 15, 16, 19, 20, 21, 22, 23, 24, 26, 28, 32, 34, 35, 37, 
Свежих цветов: 18, нуждаются в поливе : 22.
=============================================================
У лужайки начинается новый день 4!
Увядают цветы c номерами: 0, 1, 3, 4, 5, 7, 11, 12, 13, 14, 15, 16, 17, 19, 20, 21, 22, 23, 24, 26, 28, 29, 31, 32, 33, 34, 35, 36, 37, 
Свежих цветов: 11, нуждаются в поливе : 29.
Кто-то полил цветок с номером: 1
Кто-то полил цветок с номером: 4
Кто-то полил цветок с номером: 5
Завядшие цветы вечером:0, 3, 7, 11, 12, 13, 14, 15, 16, 17, 19, 20, 21, 22, 23, 24, 26, 28, 29, 31, 32, 33, 34, 35, 36, 37, 
Свежих цветов: 14, нуждаются в поливе : 26.
=============================================================
У лужайки начинается новый день 5!
Увядают цветы c номерами: 0, 3, 4, 7, 9, 11, 12, 13, 14, 15, 16, 17, 19, 20, 21, 22, 23, 24, 25, 26, 27, 28, 29, 30, 31, 32, 33, 34, 35, 36, 37, 39, 
Свежих цветов: 8, нуждаются в поливе : 32.
Кто-то полил цветок с номером: 4
Кто-то полил цветок с номером: 12
Завядшие цветы вечером:0, 3, 7, 9, 11, 13, 14, 15, 16, 17, 19, 20, 21, 22, 23, 24, 25, 26, 27, 28, 29, 30, 31, 32, 33, 34, 35, 36, 37, 39, 
Свежих цветов: 10, нуждаются в поливе : 30.
=============================================================
У лужайки начинается новый день 6!
Увядают цветы c номерами: 0, 3, 6, 7, 8, 9, 11, 13, 14, 15, 16, 17, 18, 19, 20, 21, 22, 23, 24, 25, 26, 27, 28, 29, 30, 31, 32, 33, 34, 35, 36, 37, 38, 39, 
Свежих цветов: 6, нуждаются в поливе : 34.
Кто-то полил цветок с номером: 8
Кто-то полил цветок с номером: 7
Завядшие цветы вечером:0, 3, 6, 9, 11, 13, 14, 15, 16, 17, 18, 19, 20, 21, 22, 23, 24, 25, 26, 27, 28, 29, 30, 31, 32, 33, 34, 35, 36, 37, 38, 39, 
Свежих цветов: 8, нуждаются в поливе : 32.
=============================================================
У лужайки начинается новый день 7!
Увядают цветы c номерами: 0, 3, 4, 5, 6, 9, 11, 12, 13, 14, 15, 16, 17, 18, 19, 20, 21, 22, 23, 24, 25, 26, 27, 28, 29, 30, 31, 32, 33, 34, 35, 36, 37, 38, 39, 
Свежих цветов: 5, нуждаются в поливе : 35.
Кто-то полил цветок с номером: 4
Кто-то полил цветок с номером: 12
Завядшие цветы вечером:0, 3, 5, 6, 9, 11, 13, 14, 15, 16, 17, 18, 19, 20, 21, 22, 23, 24, 25, 26, 27, 28, 29, 30, 31, 32, 33, 34, 35, 36, 37, 38, 39, 
Свежих цветов: 7, нуждаются в поливе : 33.
=============================================================
У лужайки начинается новый день 8!
Увядают цветы c номерами: 0, 3, 5, 6, 7, 9, 10, 11, 13, 14, 15, 16, 17, 18, 19, 20, 21, 22, 23, 24, 25, 26, 27, 28, 29, 30, 31, 32, 33, 34, 35, 36, 37, 38, 39, 
Свежих цветов: 5, нуждаются в поливе : 35.
Кто-то полил цветок с номером: 6
Кто-то полил цветок с номером: 7
Кто-то полил цветок с номером: 10
Кто-то полил цветок с номером: 11
Завядшие цветы вечером:0, 3, 5, 9, 13, 14, 15, 16, 17, 18, 19, 20, 21, 22, 23, 24, 25, 26, 27, 28, 29, 30, 31, 32, 33, 34, 35, 36, 37, 38, 39, 
Свежих цветов: 9, нуждаются в поливе : 31.
=============================================================
У лужайки начинается новый день 9!
Увядают цветы c номерами: 0, 1, 2, 3, 5, 6, 8, 9, 10, 11, 13, 14, 15, 16, 17, 18, 19, 20, 21, 22, 23, 24, 25, 26, 27, 28, 29, 30, 31, 32, 33, 34, 35, 36, 37, 38, 39, 
Свежих цветов: 3, нуждаются в поливе : 37.
Кто-то полил цветок с номером: 1
Кто-то полил цветок с номером: 2
Кто-то полил цветок с номером: 3
Кто-то полил цветок с номером: 6
Кто-то полил цветок с номером: 10
Кто-то полил цветок с номером: 14
Завядшие цветы вечером:0, 5, 8, 9, 11, 13, 15, 16, 17, 18, 19, 20, 21, 22, 23, 24, 25, 26, 27, 28, 29, 30, 31, 32, 33, 34, 35, 36, 37, 38, 39, 
Свежих цветов: 9, нуждаются в поливе : 31.
=============================================================
У лужайки начинается новый день 10!
Увядают цветы c номерами: 0, 2, 3, 4, 5, 6, 7, 8, 9, 10, 11, 13, 15, 16, 17, 18, 19, 20, 21, 22, 23, 24, 25, 26, 27, 28, 29, 30, 31, 32, 33, 34, 35, 36, 37, 38, 39, 
Свежих цветов: 3, нуждаются в поливе : 37.
Кто-то полил цветок с номером: 6
Кто-то полил цветок с номером: 9
Кто-то полил цветок с номером: 10
Кто-то полил цветок с номером: 3
Кто-то полил цветок с номером: 4
Кто-то полил цветок с номером: 5
Завядшие цветы вечером:0, 2, 7, 8, 11, 13, 15, 16, 17, 18, 19, 20, 21, 22, 23, 24, 25, 26, 27, 28, 29, 30, 31, 32, 33, 34, 35, 36, 37, 38, 39, 
Свежих цветов: 9, нуждаются в поливе : 31.
=============================================================
У лужайки начинается новый день 11!
Увядают цветы c номерами: 0, 1, 2, 4, 6, 7, 8, 9, 10, 11, 12, 13, 15, 16, 17, 18, 19, 20, 21, 22, 23, 24, 25, 26, 27, 28, 29, 30, 31, 32, 33, 34, 35, 36, 37, 38, 39, 
Свежих цветов: 3, нуждаются в поливе : 37.
Кто-то полил цветок с номером: 1
Кто-то полил цветок с номером: 8
Кто-то полил цветок с номером: 9
Кто-то полил цветок с номером: 12
Завядшие цветы вечером:0, 2, 4, 6, 7, 10, 11, 13, 15, 16, 17, 18, 19, 20, 21, 22, 23, 24, 25, 26, 27, 28, 29, 30, 31, 32, 33, 34, 35, 36, 37, 38, 39, 
Свежих цветов: 7, нуждаются в поливе : 33.
=============================================================
У лужайки начинается новый день 12!
Увядают цветы c номерами: 0, 1, 2, 4, 6, 7, 8, 10, 11, 12, 13, 15, 16, 17, 18, 19, 20, 21, 22, 23, 24, 25, 26, 27, 28, 29, 30, 31, 32, 33, 34, 35, 36, 37, 38, 39, 
Свежих цветов: 4, нуждаются в поливе : 36.
Кто-то полил цветок с номером: 1
Кто-то полил цветок с номером: 7
Кто-то полил цветок с номером: 8
Завядшие цветы вечером:0, 2, 4, 6, 10, 11, 12, 13, 15, 16, 17, 18, 19, 20, 21, 22, 23, 24, 25, 26, 27, 28, 29, 30, 31, 32, 33, 34, 35, 36, 37, 38, 39, 
Свежих цветов: 7, нуждаются в поливе : 33.
=============================================================
У лужайки начинается новый день 13!
Увядают цветы c номерами: 0, 2, 4, 6, 8, 10, 11, 12, 13, 14, 15, 16, 17, 18, 19, 20, 21, 22, 23, 24, 25, 26, 27, 28, 29, 30, 31, 32, 33, 34, 35, 36, 37, 38, 39, 
Свежих цветов: 5, нуждаются в поливе : 35.
Кто-то полил цветок с номером: 11
Завядшие цветы вечером:0, 2, 4, 6, 8, 10, 12, 13, 14, 15, 16, 17, 18, 19, 20, 21, 22, 23, 24, 25, 26, 27, 28, 29, 30, 31, 32, 33, 34, 35, 36, 37, 38, 39, 
Свежих цветов: 6, нуждаются в поливе : 34.
=============================================================
У лужайки начинается новый день 14!
Увядают цветы c номерами: 0, 1, 2, 4, 5, 6, 7, 8, 10, 11, 12, 13, 14, 15, 16, 17, 18, 19, 20, 21, 22, 23, 24, 25, 26, 27, 28, 29, 30, 31, 32, 33, 34, 35, 36, 37, 38, 39, 
Свежих цветов: 2, нуждаются в поливе : 38.
Кто-то полил цветок с номером: 1
Кто-то полил цветок с номером: 5
Кто-то полил цветок с номером: 7
Завядшие цветы вечером:0, 2, 4, 6, 8, 10, 11, 12, 13, 14, 15, 16, 17, 18, 19, 20, 21, 22, 23, 24, 25, 26, 27, 28, 29, 30, 31, 32, 33, 34, 35, 36, 37, 38, 39, 
Свежих цветов: 5, нуждаются в поливе : 35.
=============================================================
У лужайки начинается новый день 15!
Увядают цветы c номерами: 0, 1, 2, 3, 4, 5, 6, 8, 9, 10, 11, 12, 13, 14, 15, 16, 17, 18, 19, 20, 21, 22, 23, 24, 25, 26, 27, 28, 29, 30, 31, 32, 33, 34, 35, 36, 37, 38, 39, 
Свежих цветов: 1, нуждаются в поливе : 39.
Кто-то полил цветок с номером: 1
Кто-то полил цветок с номером: 3
Кто-то полил цветок с номером: 5
Кто-то полил цветок с номером: 2
Кто-то полил цветок с номером: 4
Завядшие цветы вечером:0, 6, 8, 9, 10, 11, 12, 13, 14, 15, 16, 17, 18, 19, 20, 21, 22, 23, 24, 25, 26, 27, 28, 29, 30, 31, 32, 33, 34, 35, 36, 37, 38, 39, 
Свежих цветов: 6, нуждаются в поливе : 34.
=============================================================
У лужайки начинается новый день 16!
Увядают цветы c номерами: 0, 1, 2, 3, 4, 5, 6, 8, 9, 10, 11, 12, 13, 14, 15, 16, 17, 18, 19, 20, 21, 22, 23, 24, 25, 26, 27, 28, 29, 30, 31, 32, 33, 34, 35, 36, 37, 38, 39, 
Свежих цветов: 1, нуждаются в поливе : 39.
Кто-то полил цветок с номером: 1
Кто-то полил цветок с номером: 9
Кто-то полил цветок с номером: 10
Кто-то полил цветок с номером: 11
Завядшие цветы вечером:0, 2, 3, 4, 5, 6, 8, 12, 13, 14, 15, 16, 17, 18, 19, 20, 21, 22, 23, 24, 25, 26, 27, 28, 29, 30, 31, 32, 33, 34, 35, 36, 37, 38, 39, 
Свежих цветов: 5, нуждаются в поливе : 35.
=============================================================
У лужайки начинается новый день 17!
Увядают цветы c номерами: 0, 2, 3, 4, 5, 6, 8, 11, 12, 13, 14, 15, 16, 17, 18, 19, 20, 21, 22, 23, 24, 25, 26, 27, 28, 29, 30, 31, 32, 33, 34, 35, 36, 37, 38, 39, 
Свежих цветов: 4, нуждаются в поливе : 36.
Кто-то полил цветок с номером: 3
Кто-то полил цветок с номером: 4
Кто-то полил цветок с номером: 5
Кто-то полил цветок с номером: 6
Завядшие цветы вечером:0, 2, 8, 11, 12, 13, 14, 15, 16, 17, 18, 19, 20, 21, 22, 23, 24, 25, 26, 27, 28, 29, 30, 31, 32, 33, 34, 35, 36, 37, 38, 39, 
Свежих цветов: 8, нуждаются в поливе : 32.
=============================================================
У лужайки начинается новый день 18!
Увядают цветы c номерами: 0, 2, 3, 5, 6, 8, 9, 11, 12, 13, 14, 15, 16, 17, 18, 19, 20, 21, 22, 23, 24, 25, 26, 27, 28, 29, 30, 31, 32, 33, 34, 35, 36, 37, 38, 39, 
Свежих цветов: 4, нуждаются в поливе : 36.
Кто-то полил цветок с номером: 3
Кто-то полил цветок с номером: 9
Кто-то полил цветок с номером: 12
Кто-то полил цветок с номером: 6
Завядшие цветы вечером:0, 2, 5, 8, 11, 13, 14, 15, 16, 17, 18, 19, 20, 21, 22, 23, 24, 25, 26, 27, 28, 29, 30, 31, 32, 33, 34, 35, 36, 37, 38, 39, 
Свежих цветов: 8, нуждаются в поливе : 32.
=============================================================
У лужайки начинается новый день 19!
Увядают цветы c номерами: 0, 2, 4, 5, 6, 8, 10, 11, 13, 14, 15, 16, 17, 18, 19, 20, 21, 22, 23, 24, 25, 26, 27, 28, 29, 30, 31, 32, 33, 34, 35, 36, 37, 38, 39, 
Свежих цветов: 5, нуждаются в поливе : 35.
Кто-то полил цветок с номером: 6
Завядшие цветы вечером:0, 2, 4, 5, 8, 10, 11, 13, 14, 15, 16, 17, 18, 19, 20, 21, 22, 23, 24, 25, 26, 27, 28, 29, 30, 31, 32, 33, 34, 35, 36, 37, 38, 39, 
Свежих цветов: 6, нуждаются в поливе : 34.
=============================================================
У лужайки начинается новый день 20!
Увядают цветы c номерами: 0, 2, 4, 5, 8, 10, 11, 13, 14, 15, 16, 17, 18, 19, 20, 21, 22, 23, 24, 25, 26, 27, 28, 29, 30, 31, 32, 33, 34, 35, 36, 37, 38, 39, 
Свежих цветов: 6, нуждаются в поливе : 34.
Кто-то полил цветок с номером: 5
Завядшие цветы вечером:0, 2, 4, 8, 10, 11, 13, 14, 15, 16, 17, 18, 19, 20, 21, 22, 23, 24, 25, 26, 27, 28, 29, 30, 31, 32, 33, 34, 35, 36, 37, 38, 39, 
Свежих цветов: 7, нуждаются в поливе : 33.
=============================================================
У лужайки начинается новый день 21!
Увядают цветы c номерами: 0, 2, 4, 6, 7, 8, 9, 10, 11, 13, 14, 15, 16, 17, 18, 19, 20, 21, 22, 23, 24, 25, 26, 27, 28, 29, 30, 31, 32, 33, 34, 35, 36, 37, 38, 39, 
Свежих цветов: 4, нуждаются в поливе : 36.
Кто-то полил цветок с номером: 9
Кто-то полил цветок с номером: 11
Кто-то полил цветок с номером: 7
Завядшие цветы вечером:0, 2, 4, 6, 8, 10, 13, 14, 15, 16, 17, 18, 19, 20, 21, 22, 23, 24, 25, 26, 27, 28, 29, 30, 31, 32, 33, 34, 35, 36, 37, 38, 39, 
Свежих цветов: 7, нуждаются в поливе : 33.
=============================================================
У лужайки начинается новый день 22!
Увядают цветы c номерами: 0, 2, 3, 4, 5, 6, 7, 8, 10, 12, 13, 14, 15, 16, 17, 18, 19, 20, 21, 22, 23, 24, 25, 26, 27, 28, 29, 30, 31, 32, 33, 34, 35, 36, 37, 38, 39, 
Свежих цветов: 3, нуждаются в поливе : 37.
Кто-то полил цветок с номером: 3
Кто-то полил цветок с номером: 5
Кто-то полил цветок с номером: 7
Завядшие цветы вечером:0, 2, 4, 6, 8, 10, 12, 13, 14, 15, 16, 17, 18, 19, 20, 21, 22, 23, 24, 25, 26, 27, 28, 29, 30, 31, 32, 33, 34, 35, 36, 37, 38, 39, 
Свежих цветов: 6, нуждаются в поливе : 34.
=============================================================
У лужайки начинается новый день 23!
Увядают цветы c номерами: 0, 1, 2, 4, 6, 7, 8, 9, 10, 12, 13, 14, 15, 16, 17, 18, 19, 20, 21, 22, 23, 24, 25, 26, 27, 28, 29, 30, 31, 32, 33, 34, 35, 36, 37, 38, 39, 
Свежих цветов: 3, нуждаются в поливе : 37.
Кто-то полил цветок с номером: 1
Кто-то полил цветок с номером: 7
Кто-то полил цветок с номером: 2
Завядшие цветы вечером:0, 4, 6, 8, 9, 10, 12, 13, 14, 15, 16, 17, 18, 19, 20, 21, 22, 23, 24, 25, 26, 27, 28, 29, 30, 31, 32, 33, 34, 35, 36, 37, 38, 39, 
Свежих цветов: 6, нуждаются в поливе : 34.
=============================================================
У лужайки начинается новый день 24!
Увядают цветы c номерами: 0, 1, 2, 3, 4, 5, 6, 8, 9, 10, 12, 13, 14, 15, 16, 17, 18, 19, 20, 21, 22, 23, 24, 25, 26, 27, 28, 29, 30, 31, 32, 33, 34, 35, 36, 37, 38, 39, 
Свежих цветов: 2, нуждаются в поливе : 38.
Кто-то полил цветок с номером: 1
Кто-то полил цветок с номером: 5
Кто-то полил цветок с номером: 9
Кто-то полил цветок с номером: 10
Завядшие цветы вечером:0, 2, 3, 4, 6, 8, 12, 13, 14, 15, 16, 17, 18, 19, 20, 21, 22, 23, 24, 25, 26, 27, 28, 29, 30, 31, 32, 33, 34, 35, 36, 37, 38, 39, 
Свежих цветов: 6, нуждаются в поливе : 34.
=============================================================
У лужайки начинается новый день 25!
Увядают цветы c номерами: 0, 2, 3, 4, 5, 6, 7, 8, 9, 12, 13, 14, 15, 16, 17, 18, 19, 20, 21, 22, 23, 24, 25, 26, 27, 28, 29, 30, 31, 32, 33, 34, 35, 36, 37, 38, 39, 
Свежих цветов: 3, нуждаются в поливе : 37.
Кто-то полил цветок с номером: 3
Кто-то полил цветок с номером: 4
Кто-то полил цветок с номером: 5
Кто-то полил цветок с номером: 7
Завядшие цветы вечером:0, 2, 6, 8, 9, 12, 13, 14, 15, 16, 17, 18, 19, 20, 21, 22, 23, 24, 25, 26, 27, 28, 29, 30, 31, 32, 33, 34, 35, 36, 37, 38, 39, 
Свежих цветов: 7, нуждаются в поливе : 33.
=============================================================
У лужайки начинается новый день 26!
Увядают цветы c номерами: 0, 1, 2, 3, 5, 6, 7, 8, 9, 11, 12, 13, 14, 15, 16, 17, 18, 19, 20, 21, 22, 23, 24, 25, 26, 27, 28, 29, 30, 31, 32, 33, 34, 35, 36, 37, 38, 39, 
Свежих цветов: 2, нуждаются в поливе : 38.
Кто-то полил цветок с номером: 1
Кто-то полил цветок с номером: 3
Кто-то полил цветок с номером: 7
Кто-то полил цветок с номером: 9
Кто-то полил цветок с номером: 2
Завядшие цветы вечером:0, 5, 6, 8, 11, 12, 13, 14, 15, 16, 17, 18, 19, 20, 21, 22, 23, 24, 25, 26, 27, 28, 29, 30, 31, 32, 33, 34, 35, 36, 37, 38, 39, 
Свежих цветов: 7, нуждаются в поливе : 33.
=============================================================
У лужайки начинается новый день 27!
Увядают цветы c номерами: 0, 1, 3, 4, 5, 6, 7, 8, 9, 10, 11, 12, 13, 14, 15, 16, 17, 18, 19, 20, 21, 22, 23, 24, 25, 26, 27, 28, 29, 30, 31, 32, 33, 34, 35, 36, 37, 38, 39, 
Свежих цветов: 1, нуждаются в поливе : 39.
Кто-то полил цветок с номером: 1
Кто-то полил цветок с номером: 6
Кто-то полил цветок с номером: 7
Кто-то полил цветок с номером: 9
Кто-то полил цветок с номером: 12
Завядшие цветы вечером:0, 3, 4, 5, 8, 10, 11, 13, 14, 15, 16, 17, 18, 19, 20, 21, 22, 23, 24, 25, 26, 27, 28, 29, 30, 31, 32, 33, 34, 35, 36, 37, 38, 39, 
Свежих цветов: 6, нуждаются в поливе : 34.
=============================================================
У лужайки начинается новый день 28!
Увядают цветы c номерами: 0, 1, 3, 4, 5, 6, 7, 8, 9, 10, 11, 12, 13, 14, 15, 16, 17, 18, 19, 20, 21, 22, 23, 24, 25, 26, 27, 28, 29, 30, 31, 32, 33, 34, 35, 36, 37, 38, 39, 
Свежих цветов: 1, нуждаются в поливе : 39.
Кто-то полил цветок с номером: 1
Кто-то полил цветок с номером: 4
Кто-то полил цветок с номером: 5
Кто-то полил цветок с номером: 6
Кто-то полил цветок с номером: 9
Завядшие цветы вечером:0, 3, 7, 8, 10, 11, 12, 13, 14, 15, 16, 17, 18, 19, 20, 21, 22, 23, 24, 25, 26, 27, 28, 29, 30, 31, 32, 33, 34, 35, 36, 37, 38, 39, 
Свежих цветов: 6, нуждаются в поливе : 34.
=============================================================
У лужайки начинается новый день 29!
Увядают цветы c номерами: 0, 1, 2, 3, 5, 7, 8, 9, 10, 11, 12, 13, 14, 15, 16, 17, 18, 19, 20, 21, 22, 23, 24, 25, 26, 27, 28, 29, 30, 31, 32, 33, 34, 35, 36, 37, 38, 39, 
Свежих цветов: 2, нуждаются в поливе : 38.
Кто-то полил цветок с номером: 1
Кто-то полил цветок с номером: 8
Кто-то полил цветок с номером: 9
Кто-то полил цветок с номером: 11
Кто-то полил цветок с номером: 2
Кто-то полил цветок с номером: 3
Завядшие цветы вечером:0, 5, 7, 10, 12, 13, 14, 15, 16, 17, 18, 19, 20, 21, 22, 23, 24, 25, 26, 27, 28, 29, 30, 31, 32, 33, 34, 35, 36, 37, 38, 39, 
Свежих цветов: 8, нуждаются в поливе : 32.
=============================================================
У лужайки начинается новый день 30!
Увядают цветы c номерами: 0, 1, 4, 5, 6, 7, 9, 10, 12, 13, 14, 15, 16, 17, 18, 19, 20, 21, 22, 23, 24, 25, 26, 27, 28, 29, 30, 31, 32, 33, 34, 35, 36, 37, 38, 39, 
Свежих цветов: 4, нуждаются в поливе : 36.
Кто-то полил цветок с номером: 1
Кто-то полил цветок с номером: 6
Кто-то полил цветок с номером: 13
Кто-то полил цветок с номером: 5
Завядшие цветы вечером:0, 4, 7, 9, 10, 12, 14, 15, 16, 17, 18, 19, 20, 21, 22, 23, 24, 25, 26, 27, 28, 29, 30, 31, 32, 33, 34, 35, 36, 37, 38, 39, 
Свежих цветов: 8, нуждаются в поливе : 32.
=============================================================
У лужайки начинается новый день 31!
Увядают цветы c номерами: 0, 3, 4, 7, 8, 9, 10, 12, 14, 15, 16, 17, 18, 19, 20, 21, 22, 23, 24, 25, 26, 27, 28, 29, 30, 31, 32, 33, 34, 35, 36, 37, 38, 39, 
Свежих цветов: 6, нуждаются в поливе : 34.
Кто-то полил цветок с номером: 8
Завядшие цветы вечером:0, 3, 4, 7, 9, 10, 12, 14, 15, 16, 17, 18, 19, 20, 21, 22, 23, 24, 25, 26, 27, 28, 29, 30, 31, 32, 33, 34, 35, 36, 37, 38, 39, 
Свежих цветов: 7, нуждаются в поливе : 33.
