Viewer started
=============================================================
Начинается новый день 1!
Увядшие цыеты на клумбе: 
Свежих цветов: 40, нуждаются в поливе : 0.
=============================================================
Начинается новый день 2!
Увядшие цыеты на клумбе: 1, 2, 3, 5, 6, 7, 8, 9, 10, 11, 13, 14, 15, 16, 17, 20, 21, 23, 24, 25, 
Свежих цветов: 20, нуждаются в поливе : 20.
Садовник Alice поливает цветок с номером 1 
Садовник Alice поливает цветок с номером 2 
Садовник Alice поливает цветок с номером 3 
Садовник Alice поливает цветок с номером 5 
Садовник Bob поливает цветок с номером 6 
=============================================================
Начинается новый день 3!
Увядшие цыеты на клумбе: 1, 5, 8, 9, 10, 11, 13, 14, 15, 16, 17, 20, 21, 23, 24, 25, 
Свежих цветов: 24, нуждаются в поливе : 16.
Садовник Bob поливает цветок с номером 1 
Садовник Bob поливает цветок с номером 5 
Садовник Bob поливает цветок с номером 8 
Садовник Bob поливает цветок с номером 9 
Садовник Bob поливает цветок с номером 10 
=============================================================
Начинается новый день 4!
Увядшие цыеты на клумбе: 1, 2, 4, 5, 6, 8, 12, 13, 14, 15, 16, 17, 18, 20, 21, 22, 23, 24, 25, 27, 29, 30, 32, 33, 34, 35, 36, 37, 38, 
Свежих цветов: 11, нуждаются в поливе : 29.
Садовник Alice поливает цветок с номером 1 
Садовник Alice поливает цветок с номером 4 
Садовник Alice поливает цветок с номером 5 
Садовник Alice поливает цветок с номером 8 
Садовник Bob поливает цветок с номером 2 
Садовник Bob поливает цветок с номером 6 
Садовник Alice поливает цветок с номером 1 
Садовник Alice поливает цветок с номером 4 
Садовник Alice поливает цветок с номером 5 
Садовник Alice поливает цветок с номером 8 
=============================================================
Начинается новый день 5!
Увядшие цыеты на клумбе: 1, 4, 8, 10, 12, 13, 14, 15, 16, 17, 18, 20, 21, 22, 23, 24, 25, 26, 27, 28, 29, 30, 31, 32, 33, 34, 35, 36, 37, 38, 40, 
Свежих цветов: 9, нуждаются в поливе : 31.
Садовник Bob поливает цветок с номером 10 
Садовник Bob поливает цветок с номером 12 
=============================================================
Начинается новый день 6!
Увядшие цыеты на клумбе: 1, 4, 7, 8, 9, 10, 12, 14, 15, 16, 17, 18, 19, 20, 21, 22, 23, 24, 25, 26, 27, 28, 29, 30, 31, 32, 33, 34, 35, 36, 37, 38, 39, 40, 
Свежих цветов: 6, нуждаются в поливе : 34.
Садовник Bob поливает цветок с номером 1 
Садовник Bob поливает цветок с номером 4 
Садовник Bob поливает цветок с номером 8 
Садовник Bob поливает цветок с номером 10 
Садовник Bob поливает цветок с номером 12 
Садовник Alice поливает цветок с номером 7 
=============================================================
Начинается новый день 7!
Увядшие цыеты на клумбе: 1, 4, 7, 10, 12, 14, 15, 16, 17, 18, 19, 20, 21, 22, 23, 24, 25, 26, 27, 28, 29, 30, 31, 32, 33, 34, 35, 36, 37, 38, 39, 40, 
Свежих цветов: 8, нуждаются в поливе : 32.
Садовник Alice поливает цветок с номером 1 
Садовник Alice поливает цветок с номером 4 
Садовник Alice поливает цветок с номером 7 
Садовник Alice поливает цветок с номером 10 
Садовник Bob поливает цветок с номером 12 
Садовник Alice поливает цветок с номером 1 
Садовник Alice поливает цветок с номером 4 
Садовник Alice поливает цветок с номером 6 
Садовник Alice поливает цветок с номером 7 
=============================================================
Начинается новый день 8!
Увядшие цыеты на клумбе: 1, 4, 6, 10, 11, 12, 14, 15, 16, 17, 18, 19, 20, 21, 22, 23, 24, 25, 26, 27, 28, 29, 30, 31, 32, 33, 34, 35, 36, 37, 38, 39, 40, 
Свежих цветов: 7, нуждаются в поливе : 33.
Садовник Bob поливает цветок с номером 10 
Садовник Bob поливает цветок с номером 11 
=============================================================
Начинается новый день 9!
Увядшие цыеты на клумбе: 1, 2, 3, 4, 6, 7, 9, 10, 11, 12, 14, 15, 16, 17, 18, 19, 20, 21, 22, 23, 24, 25, 26, 27, 28, 29, 30, 31, 32, 33, 34, 35, 36, 37, 38, 39, 40, 
Свежих цветов: 3, нуждаются в поливе : 37.
Садовник Bob поливает цветок с номером 1 
Садовник Bob поливает цветок с номером 4 
Садовник Bob поливает цветок с номером 6 
Садовник Bob поливает цветок с номером 10 
Садовник Bob поливает цветок с номером 14 
Садовник Alice поливает цветок с номером 2 
Садовник Alice поливает цветок с номером 3 
=============================================================
Начинается новый день 10!
Увядшие цыеты на клумбе: 1, 3, 4, 5, 6, 7, 8, 9, 10, 11, 12, 14, 16, 17, 18, 19, 20, 21, 22, 23, 24, 25, 26, 27, 28, 29, 30, 31, 32, 33, 34, 35, 36, 37, 38, 39, 40, 
Свежих цветов: 3, нуждаются в поливе : 37.
Садовник Bob поливает цветок с номером 1 
Садовник Bob поливает цветок с номером 6 
Садовник Bob поливает цветок с номером 9 
Садовник Bob поливает цветок с номером 10 
Садовник Bob поливает цветок с номером 12 
Садовник Alice поливает цветок с номером 3 
Садовник Alice поливает цветок с номером 4 
Садовник Alice поливает цветок с номером 5 
=============================================================
Начинается новый день 11!
Увядшие цыеты на клумбе: 1, 3, 8, 9, 12, 14, 16, 17, 18, 19, 20, 21, 22, 23, 24, 25, 26, 27, 28, 29, 30, 31, 32, 33, 34, 35, 36, 37, 38, 39, 40, 
Свежих цветов: 9, нуждаются в поливе : 31.
Садовник Bob поливает цветок с номером 1 
Садовник Bob поливает цветок с номером 3 
Садовник Bob поливает цветок с номером 8 
Садовник Bob поливает цветок с номером 9 
Садовник Bob поливает цветок с номером 12 
=============================================================
Начинается новый день 12!
Увядшие цыеты на клумбе: 1, 3, 5, 7, 8, 11, 12, 14, 16, 17, 18, 19, 20, 21, 22, 23, 24, 25, 26, 27, 28, 29, 30, 31, 32, 33, 34, 35, 36, 37, 38, 39, 40, 
Свежих цветов: 7, нуждаются в поливе : 33.
Садовник Bob поливает цветок с номером 1 
Садовник Bob поливает цветок с номером 3 
Садовник Bob поливает цветок с номером 5 
Садовник Bob поливает цветок с номером 7 
Садовник Bob поливает цветок с номером 8 
=============================================================
Начинается новый день 13!
Увядшие цыеты на клумбе: 1, 3, 5, 7, 9, 11, 12, 13, 14, 15, 16, 17, 18, 19, 20, 21, 22, 23, 24, 25, 26, 27, 28, 29, 30, 31, 32, 33, 34, 35, 36, 37, 38, 39, 40, 
Свежих цветов: 5, нуждаются в поливе : 35.
Садовник Bob поливает цветок с номером 1 
Садовник Bob поливает цветок с номером 3 
Садовник Bob поливает цветок с номером 5 
Садовник Bob поливает цветок с номером 7 
Садовник Bob поливает цветок с номером 11 
=============================================================
Начинается новый день 14!
Увядшие цыеты на клумбе: 1, 3, 5, 7, 9, 11, 13, 14, 15, 16, 17, 18, 19, 20, 21, 22, 23, 24, 25, 26, 27, 28, 29, 30, 31, 32, 33, 34, 35, 36, 37, 38, 39, 40, 
Свежих цветов: 6, нуждаются в поливе : 34.
Садовник Bob поливает цветок с номером 1 
Садовник Bob поливает цветок с номером 3 
Садовник Bob поливает цветок с номером 5 
Садовник Bob поливает цветок с номером 7 
Садовник Bob поливает цветок с номером 9 
=============================================================
Начинается новый день 15!
Увядшие цыеты на клумбе: 1, 2, 3, 4, 5, 6, 7, 9, 10, 11, 12, 13, 14, 15, 16, 17, 18, 19, 20, 21, 22, 23, 24, 25, 26, 27, 28, 29, 30, 31, 32, 33, 34, 35, 36, 37, 38, 39, 40, 
Свежих цветов: 1, нуждаются в поливе : 39.
Садовник Alice поливает цветок с номером 1 
Садовник Alice поливает цветок с номером 3 
Садовник Alice поливает цветок с номером 5 
Садовник Alice поливает цветок с номером 7 
Садовник Bob поливает цветок с номером 2 
Садовник Bob поливает цветок с номером 4 
=============================================================
Начинается новый день 16!
Увядшие цыеты на клумбе: 1, 7, 9, 10, 11, 12, 13, 14, 15, 16, 17, 18, 19, 20, 21, 22, 23, 24, 25, 26, 27, 28, 29, 30, 31, 32, 33, 34, 35, 36, 37, 38, 39, 40, 
Свежих цветов: 6, нуждаются в поливе : 34.
Садовник Alice поливает цветок с номером 1 
Садовник Alice поливает цветок с номером 7 
Садовник Alice поливает цветок с номером 9 
Садовник Alice поливает цветок с номером 10 
Садовник Bob поливает цветок с номером 11 
=============================================================
Начинается новый день 17!
Увядшие цыеты на клумбе: 1, 3, 4, 5, 6, 7, 9, 12, 13, 14, 15, 16, 17, 18, 19, 20, 21, 22, 23, 24, 25, 26, 27, 28, 29, 30, 31, 32, 33, 34, 35, 36, 37, 38, 39, 40, 
Свежих цветов: 4, нуждаются в поливе : 36.
Садовник Alice поливает цветок с номером 1 
Садовник Alice поливает цветок с номером 3 
Садовник Alice поливает цветок с номером 4 
Садовник Alice поливает цветок с номером 5 
Садовник Bob поливает цветок с номером 6 
=============================================================
Начинается новый день 18!
Увядшие цыеты на клумбе: 1, 3, 4, 6, 7, 9, 10, 12, 13, 14, 15, 16, 17, 18, 19, 20, 21, 22, 23, 24, 25, 26, 27, 28, 29, 30, 31, 32, 33, 34, 35, 36, 37, 38, 39, 40, 
Свежих цветов: 4, нуждаются в поливе : 36.
Садовник Alice поливает цветок с номером 1 
Садовник Alice поливает цветок с номером 3 
Садовник Alice поливает цветок с номером 9 
Садовник Alice поливает цветок с номером 12 
Садовник Bob поливает цветок с номером 4 
Садовник Bob поливает цветок с номером 6 
Садовник Bob поливает цветок с номером 7 
=============================================================
Начинается новый день 19!
Увядшие цыеты на клумбе: 1, 3, 6, 9, 12, 14, 15, 16, 17, 18, 19, 20, 21, 22, 23, 24, 25, 26, 27, 28, 29, 30, 31, 32, 33, 34, 35, 36, 37, 38, 39, 40, 
Свежих цветов: 8, нуждаются в поливе : 32.
Садовник Bob поливает цветок с номером 1 
Садовник Bob поливает цветок с номером 3 
Садовник Bob поливает цветок с номером 6 
Садовник Bob поливает цветок с номером 9 
Садовник Bob поливает цветок с номером 12 
=============================================================
Начинается новый день 20!
Увядшие цыеты на клумбе: 1, 3, 5, 6, 9, 11, 12, 14, 15, 16, 17, 18, 19, 20, 21, 22, 23, 24, 25, 26, 27, 28, 29, 30, 31, 32, 33, 34, 35, 36, 37, 38, 39, 40, 
Свежих цветов: 6, нуждаются в поливе : 34.
Садовник Alice поливает цветок с номером 1 
Садовник Alice поливает цветок с номером 3 
Садовник Alice поливает цветок с номером 5 
Садовник Alice поливает цветок с номером 6 
Садовник Bob поливает цветок с номером 9 
=============================================================
Начинается новый день 21!
Увядшие цыеты на клумбе: 1, 3, 5, 7, 8, 9, 10, 11, 12, 14, 15, 16, 17, 18, 19, 20, 21, 22, 23, 24, 25, 26, 27, 28, 29, 30, 31, 32, 33, 34, 35, 36, 37, 38, 39, 40, 
Свежих цветов: 4, нуждаются в поливе : 36.
Садовник Bob поливает цветок с номером 1 
Садовник Bob поливает цветок с номером 3 
Садовник Bob поливает цветок с номером 5 
Садовник Bob поливает цветок с номером 9 
Садовник Bob поливает цветок с номером 11 
Садовник Alice поливает цветок с номером 7 
=============================================================
Начинается новый день 22!
Увядшие цыеты на клумбе: 1, 3, 5, 7, 9, 11, 14, 15, 16, 17, 18, 19, 20, 21, 22, 23, 24, 25, 26, 27, 28, 29, 30, 31, 32, 33, 34, 35, 36, 37, 38, 39, 40, 
Свежих цветов: 7, нуждаются в поливе : 33.
Садовник Bob поливает цветок с номером 1 
Садовник Bob поливает цветок с номером 3 
Садовник Bob поливает цветок с номером 5 
Садовник Bob поливает цветок с номером 7 
Садовник Bob поливает цветок с номером 9 
Садовник Alice поливает цветок с номером 1 
Садовник Alice поливает цветок с номером 3 
Садовник Alice поливает цветок с номером 5 
Садовник Alice поливает цветок с номером 7 
=============================================================
Начинается новый день 23!
Увядшие цыеты на клумбе: 1, 2, 3, 5, 7, 8, 9, 10, 11, 13, 14, 15, 16, 17, 18, 19, 20, 21, 22, 23, 24, 25, 26, 27, 28, 29, 30, 31, 32, 33, 34, 35, 36, 37, 38, 39, 40, 
Свежих цветов: 3, нуждаются в поливе : 37.
Садовник Bob поливает цветок с номером 2 
=============================================================
Начинается новый день 24!
Увядшие цыеты на клумбе: 1, 5, 7, 9, 10, 11, 13, 14, 15, 16, 17, 18, 19, 20, 21, 22, 23, 24, 25, 26, 27, 28, 29, 30, 31, 32, 33, 34, 35, 36, 37, 38, 39, 40, 
Свежих цветов: 6, нуждаются в поливе : 34.
Садовник Bob поливает цветок с номером 1 
Садовник Bob поливает цветок с номером 5 
Садовник Bob поливает цветок с номером 7 
Садовник Bob поливает цветок с номером 9 
Садовник Bob поливает цветок с номером 10 
=============================================================
Начинается новый день 25!
Увядшие цыеты на клумбе: 1, 3, 4, 5, 6, 7, 8, 9, 10, 13, 14, 15, 16, 17, 18, 19, 20, 21, 22, 23, 24, 25, 26, 27, 28, 29, 30, 31, 32, 33, 34, 35, 36, 37, 38, 39, 40, 
Свежих цветов: 3, нуждаются в поливе : 37.
Садовник Bob поливает цветок с номером 1 
Садовник Bob поливает цветок с номером 3 
Садовник Bob поливает цветок с номером 4 
Садовник Bob поливает цветок с номером 5 
Садовник Bob поливает цветок с номером 7 
=============================================================
Начинается новый день 26!
Увядшие цыеты на клумбе: 1, 2, 3, 4, 6, 7, 8, 9, 10, 12, 13, 14, 15, 16, 17, 18, 19, 20, 21, 22, 23, 24, 25, 26, 27, 28, 29, 30, 31, 32, 33, 34, 35, 36, 37, 38, 39, 40, 
Свежих цветов: 2, нуждаются в поливе : 38.
Садовник Bob поливает цветок с номером 1 
Садовник Bob поливает цветок с номером 3 
Садовник Bob поливает цветок с номером 7 
Садовник Bob поливает цветок с номером 9 
Садовник Bob поливает цветок с номером 10 
Садовник Alice поливает цветок с номером 2 
Садовник Alice поливает цветок с номером 4 
=============================================================
Начинается новый день 27!
Увядшие цыеты на клумбе: 1, 6, 7, 9, 12, 13, 14, 15, 16, 17, 18, 19, 20, 21, 22, 23, 24, 25, 26, 27, 28, 29, 30, 31, 32, 33, 34, 35, 36, 37, 38, 39, 40, 
Свежих цветов: 7, нуждаются в поливе : 33.
Садовник Bob поливает цветок с номером 1 
Садовник Bob поливает цветок с номером 6 
Садовник Bob поливает цветок с номером 7 
Садовник Bob поливает цветок с номером 9 
Садовник Bob поливает цветок с номером 12 
=============================================================
Начинается новый день 28!
Увядшие цыеты на клумбе: 1, 2, 4, 5, 6, 7, 8, 9, 10, 11, 12, 13, 14, 15, 16, 17, 18, 19, 20, 21, 22, 23, 24, 25, 26, 27, 28, 29, 30, 31, 32, 33, 34, 35, 36, 37, 38, 39, 40, 
Свежих цветов: 1, нуждаются в поливе : 39.
Садовник Bob поливает цветок с номером 1 
Садовник Bob поливает цветок с номером 4 
Садовник Bob поливает цветок с номером 5 
Садовник Bob поливает цветок с номером 6 
Садовник Bob поливает цветок с номером 9 
Садовник Alice поливает цветок с номером 2 
=============================================================
Начинается новый день 29!
Увядшие цыеты на клумбе: 1, 2, 3, 4, 6, 8, 9, 10, 11, 12, 13, 14, 15, 16, 17, 18, 19, 20, 21, 22, 23, 24, 25, 26, 27, 28, 29, 30, 31, 32, 33, 34, 35, 36, 37, 38, 39, 40, 
Свежих цветов: 2, нуждаются в поливе : 38.
Садовник Bob поливает цветок с номером 1 
Садовник Bob поливает цветок с номером 4 
Садовник Bob поливает цветок с номером 8 
Садовник Bob поливает цветок с номером 9 
Садовник Bob поливает цветок с номером 11 
Садовник Alice поливает цветок с номером 2 
Садовник Alice поливает цветок с номером 3 
Садовник Bob поливает цветок с номером 1 
Садовник Bob поливает цветок с номером 6 
Садовник Bob поливает цветок с номером 8 
Садовник Bob поливает цветок с номером 11 
Садовник Bob поливает цветок с номером 13 
=============================================================
Начинается новый день 30!
Увядшие цыеты на клумбе: 1, 2, 5, 6, 7, 8, 10, 11, 13, 14, 15, 16, 17, 18, 19, 20, 21, 22, 23, 24, 25, 26, 27, 28, 29, 30, 31, 32, 33, 34, 35, 36, 37, 38, 39, 40, 
Свежих цветов: 4, нуждаются в поливе : 36.
